Minimum nr of leaves: 3 Gamma:  3
size of means =  12 grand median = 0.00848142
mad = 0.010422
size of filtered means = 10
4: E F G H I J K L M N O P Q 
2: B C D 
6: G H I J K L M N O P Q 
7: H I J K L M N O P Q 
9: J K L M N O P Q 
10: K L M N O P Q 
11: L M N O P Q 
12: M N O P Q 
13: N O P Q 
14: O P Q 
2 4	0.0401982
6 4	0.0184579
6 2	0.0401982
7 4	0.000330016
7 2	0.0401982
7 6	0.396206
9 4	1.82942e-06
9 2	0.0401982
9 6	0.000904502
9 7	0.033445
10 4	1.00313e-06
10 2	0.0401982
10 6	4.71851e-05
10 7	0.000904502
10 9	0.425064
11 4	1.40808e-06
11 2	0.0401982
11 6	2.24115e-05
11 7	0.000178796
11 9	0.033445
11 10	0.435636
12 4	1.1402e-05
12 2	0.0401982
12 6	4.71851e-05
12 7	0.000178796
12 9	0.00571176
12 10	0.0401982
12 11	0.453463
13 4	0.000228336
13 2	0.0401982
13 6	0.00038871
13 7	0.000731495
13 9	0.00479868
13 10	0.0167399
13 11	0.0632145
13 12	0.483197
14 4	0.00837331
14 2	0.0401982
14 6	0.00901515
14 7	0.0106686
14 9	0.0184579
14 10	0.0307492
14 11	0.0439616
14 12	0.130727
14 13	0.534416
4: 
2: 1 
6: 4 
7: 6 4 
9: 7 6 4 
10: 9 7 6 4 
11: 10 9 7 6 4 
12: 11 10 9 7 6 4 
13: 12 11 10 9 7 6 4 
14: 13 12 11 10 9 7 6 4 
