Minimum nr of leaves: 3 Gamma:  0.5 FDR:  0.01
size of means =  913 grand median = 0.0147953
mad = 0.00888941
size of filtered means = 1179
GLPK Integer Optimizer, v4.64
6198 rows, 1179 columns, 16055 non-zeros
1179 integer variables, all of which are binary
Preprocessing...
3889 hidden packing inequaliti(es) were detected
116 constraint coefficient(s) were reduced
4982 rows, 1144 columns, 13813 non-zeros
1144 integer variables, all of which are binary
Scaling...
 A: min|aij| =  1.099e-03  max|aij| =  1.000e+03  ratio =  9.102e+05
GM: min|aij| =  1.000e+00  max|aij| =  1.000e+00  ratio =  1.000e+00
EQ: min|aij| =  1.000e+00  max|aij| =  1.000e+00  ratio =  1.000e+00
2N: min|aij| =  6.875e-01  max|aij| =  1.312e+00  ratio =  1.909e+00
Constructing initial basis...
Size of triangular part is 4982
Solving LP relaxation...
GLPK Simplex Optimizer, v4.64
4982 rows, 1144 columns, 13813 non-zeros
*     0: obj =   1.140000000e+02 inf =   0.000e+00 (1144)
Perturbing LP to avoid stalling [277]...
Removing LP perturbation [850]...
*   850: obj =   2.002250000e+03 inf =   0.000e+00 (0)
OPTIMAL LP SOLUTION FOUND
Integer optimization begins...
+   850: mip =     not found yet <=              +inf        (1; 0)
+   853: >>>>>   2.001000000e+03 <=   2.001000000e+03   0.0% (4; 0)
+   853: mip =   2.001000000e+03 <=     tree is empty   0.0% (0; 7)
INTEGER OPTIMAL SOLUTION FOUND
Return value (should be 0): 0
Nr of clustered leaves: 2001
1014 :
TR_AV826-08_4_PI_Lin4
CY_14-019210_PI
CY_13-020435_Pi_AV593-13_Lin4
AU_11-04315-4-F-HN_PI_Lin4
CY_14-004314_PI
CY_14-012786_PI
CY_15-012036_PI
VI_a/KM374061.1/pigeon/China/pigeon/Zhejiang/2036/2012/2012
VI_a/KP861633/pigeon/China/Pigeon/China/SD069/2012/2012
VI_a/KJ782376.1/pigeon/China/CH/NM/0707/2011/2011
VI_a/KJ808819.1/pigeon/China/Pigeon/China/BJ2013/2013
VI_a/KJ607166.1/pigeon/China/CH/LHLJ/131011/2013
2011/China/pigeon/China/SDS/2011
VI_a/KJ607165.1/pigeon/China/CH/LHLJ/131237/2013
DE_11_017484_PI_AV839-11_Lin4
CY_14-019208_PI
GR_14_006608_PI
IE_12-009838_PI_AV358-12_Lin4
NO_AV570-12_PI_Lin4
gi|425856255|gb|JX901122.1|PPMV-1/Belgium/11-07574/2011
VI_a/JX901123.1/pigeon/Belgium/PPMV-1/Belgium/11-08304/2011/2011
UK_14-009311_PI
UK_13-022003_PI_Lin4
DE_11_017486_PI_AV839-11_Lin4
2011/China/_SH215
VI_a/KM374060.1/pigeon/China/pigeon/Shanghai/215/2011/2011
2011/China/pigeon/China/SDLC/2011
VI_a/KM374056.1/pigeon/China/pigeon/Yunnan/1111/2013/2013
VI_a/KM374057.1/pigeon/China/pigeon/Anhui/2365/2012/2012
VI_a/KM374058.1/pigeon/China/pigeon/Anhui/2369/2012/2012

904 :
2007/USA/Pigeon/Minnesota/511296/07
VI_a/JX901339.1/pigeon/USA/APMV1/Pigeon/NJ/USA/0710/2007/2007
VI_a/JX901352.1/pigeon/USA/APMV1/Pigeon/PA/USA/0723/2007/2007
VI_a/JX901361.1/pigeon/USA/APMV1/Pigeon/PA/USA/0804/2008/2008
VI_a/JX901348.1/pigeon/USA/APMV1/Pigeon/PA/USA/0718/2007/2007
VI_a/JX901357.1/pigeon/USA/APMV1/Pigeon/PA/USA/0728/2007/2007
VI_a/JX901358.1/pigeon/USA/APMV1/Pigeon/PA/USA/0801/2008/2008
VI_a/JX901335.1/pigeon/USA/APMV1/Pigeon/PA/USA/0706/2007/2007
VI_a/JX901356.1/pigeon/USA/APMV1/Pigeon/PA/USA/0727/2007/2007
2004/USA/Chicken/Massachusetts/344783-3/2004
VI_a/JX901365.1/pigeon/USA/APMV1/Pigeon/PA/USA/0808/2008/2008
VI_a/JX901354.1/pigeon/USA/APMV1/Pigeon/PA/USA/0725/2007/2007
VI_a/JX901364.1/pigeon/USA/APMV1/Pigeon/PA/USA/0807/2008/2008
VI_a/JX901353.1/pigeon/USA/APMV1/Pigeon/PA/USA/0724/2007/2007
VI_a/JX901359.1/pigeon/USA/APMV1/Pigeon/PA/USA/0802/2008/2008
VI_a/JX901332.1/pigeon/USA/APMV1/Pigeon/MO/USA/0703/2007/2007
VI_a/JX901338.1/pigeon/USA/APMV1/Pigeon/OH/USA/0709/2007/2007
QUS_AV461-11_AVP-11-009026_PI_Lin4
gi|374256186|gb|JN872172.1|Raptor/Minnesota/18575-4/2009
VI_a/JX901349.1/pigeon/USA/APMV1/Pigeon/MD/USA/0719/2007/2007
VI_a/JX901350.1/pigeon/USA/APMV1/Pigeon/PA/USA/0720/2007/2007
2008/USA/Pigeon/Pennsylvania/2282/2008.
VI_a/JN941998.1/pigeon/USA/Pigeon/Pennsylvania/2282/2008/2008
VI_a/JX901321.1/chicken/USA/APMV1/Chicken/PA/USA/0503/2005/2005
VI_a/JX901344.1/pigeon/USA/APMV1/Pigeon/ME/USA/0714/2007/2007
gi|374256191|gb|JN872174.1|New_Jersey/9564/2010
VI_a/JX901363.1/pigeon/USA/APMV1/Pigeon/PA/USA/0806/2008/2008
VI_a/JX901340.1/pigeon/USA/APMV1/Pigeon/PA/USA/0711/2007/2007
VI_a/JX901325.1/pigeon/USA/APMV1/Pigeon/NY/USA/0603/2006/2006
VI_a/JX901377.1/pigeon/USA/APMV1/Pigeon/PA/USA/0906/2009/2009
VI_a/JX901351.1/pigeon/USA/APMV1/Pigeon/NJ/USA/0721/2007/2007
VI_a/JX901333.1/pigeon/USA/APMV1/Pigeon/PA/USA/0704/2007/2007
VI_a/JX901376.1/pigeon/USA/APMV1/Pigeon/PA/USA/0905/2009/2009
VI_a/JX901373.1/pigeon/USA/APMV1/Pigeon/PA/USA/0902/2009/2009
VI_a/JX901320.1/pigeon/USA/APMV1/Pigeon/PA/USA/0502/2005/2005
VI_a/JX901319.1/pigeon/USA/APMV1/Pigeon/PA/USA/0501/2005/2005
VI_a/JX901375.1/pigeon/USA/APMV1/Pigeon/PA/USA/0904/2009/2009
VI_a/JX901328.1/pigeon/USA/APMV1/Pigeon/NJ/USA/0607/2006/2006
VI_a/JX901366.1/pigeon/USA/APMV1/Pigeon/PA/USA/0809/2008/2008

1665 :
2010/Malaysia/NDV/chicken/Malaysia/9484/2010
2012/Cambodia/_KH-cmb06-01/12
2010/Malaysia/13695/10
gi|486356761|gb|JX870619.2|KH-cmb08-2/11
SH_14-027308_CK.seq_AV000965-14_/_AV-14-027308
gi|402235510|gb|JX193074.1|egret/China/Guangxi/2011
NDV_ZA_2014_from_Celia_NDV_ZA_2014
gi|505492095|gb|KC607887.1|VN2/2011
gi|505492092|gb|KC607886.1|VN1/2011
gi|505492079|gb|KC607883.1|KN6/2012
gi|505492067|gb|KC607879.1|KN2/2011

1177 :
V_c/KF910963.1/chicken/Mexico/chicken/M08-3313/Mexico/2008/2008
gi|187711132|gb|EU518683.1|chicken/Mexico
V_c/HM117720/chicken/Mexico_
gi|187711135|gb|EU518684.1|chicken/Mexico
gi|397310318|gb|JQ002630.1|D516/1
V_c/JX974435.1/chicken/Mexico/NDV1/10/2010
2010/Mexico/MX/NC02-634
2010/Mexico/MX/NC04-635
V_c/KC808508.1/gamefowl/Mexico/gamefowl/Mex/616/2008/2008
V_c/KC808511.1/treeduck/Mexico/tree-duck/Mex
V_c/KC808512.1/quail/Mexico/quail/Mex

820 :
DE_1294_07_R549_07_PI_Lin4
VI_h/JQ039387.1/pigeon/Nigeria/pigeon/Nigeria/VRD08-37BRpe
gi|549436803|emb|HG424629.1|pigeon/Nigeria/NIE13-009/2013
gi|549436799|emb|HG424627.1|pigeon/Nigeria/NIE13-092/2013
gi|549436801|emb|HG424628.1|pigeon/Nigeria/NIE13-093/2013

1728 :
gi|302584963|gb|GU332647.1|environmental-fecal/Vietnam/480/2002
gi|86371012|gb|DQ363537.1|jinan04
2003/China/NDV03-050
VII_e/EF589134/chicken/China/H2/Guizhou
gi|148509149|gb|EF589131.1|P1

1991 :
VII_b/GQ245801/pigeon/China/SD-15-08-Pi/2008
gi|490255793|gb|KC542909.1|Chicken/China/Shandong/02/2011
2007/China/NDV08-041
VII_b/JQ013857.1/chicken/China/JS-03-11-Ch/2011
gi|358628156|gb|JQ013869.1|JS-15-11-Ch
VII_b/JQ013858.1/chicken/China/JS-04-11-Ch/2011
VII_b/GQ245796/chicken/China/AH-2-08-Ch/2008
2008/China/NDV08-018
gi|226347864|gb|FJ810459.1|NDV08-034
gi|511774848|gb|KC750156.1|Duck/CH/GD/SD-09
VII_b/HM188402.1/duck/China/SDWF05/2009
VII_b/HM188399.1/duck/China/SDWF02/2008
VII_b/KJ607170.1/quail/China/qu/CH/LJS/101107/2010
gi|291170687|gb|GU591953.1|NDV09-058
VII_b/KJ525716.1/chicken/China/Ch/SD/MH/2009/2009
gi|358628168|gb|JQ013875.1|JS-21-11-Ch
VII_b/KJ184574.1/chicken/China/JS-04-12-Ch/2012
VII_b/KJ184600.1/chicken/China/JS-03-12-Ch/2012
VII_b/KP742770.1/Sheldrake_duck/China/Sheldrake_duck/China/Guizhou/SS1/2014/2014
VII_b/JQ013879.1/duck/China/JS-01-10-Dk/2010
gi|358628170|gb|JQ013876.1|JS-22-11-Ch
gi|358628136|gb|JQ013859.1|JS-05-11-Ch
gi|358628144|gb|JQ013863.1|JS-09-11-Ch
gi|358628150|gb|JQ013866.1|JS-12-11-Ch
VII_b/JQ013867.1/chicken/China/JS-13-11-Ch/2011

189 :
I_b/AB871655.1/duck/Japan/APMV-1/duck/Tottori/N12/2006/2006
I_b/FJ597614.1/duck/China/D/ZJ/2/04/2004
1995/China/D_ZJ_4_04
SG_AV202-05_F088-01-05_
I_b/FJ597613.1/duck/China/D/ZJ/1/04/2004
I_b/AY965077.1/Baikal_teal/Russia/Anas/FarEast/3658/2002/2002
2009/China/FJ0801
gi|226347802|gb|FJ810428.1|NDV08-002
SG_AV202-02_F037-02-05_Dk_Lin1
SG_Av_961-05_F54-4-05-2_Lin1

1903 :
XXXX/China/JS/1/05/Ch
gi|402229777|gb|JX244806.1|Pigeon/China/113/08
VII_b/KJ825877.1/chicken/China/chicken/Guangxi/L1/2011/2011
gi|505492102|gb|KC607889.1|VN5/2007
VII_b/HQ717357.1/duck/China/GD09-1/2009
gi|505492099|gb|KC607888.1|VN4/2009
gi|402235524|gb|JX193076.1|chicken/China/Guangxi15/2010
XXXX/China/NDV07-29

296 :
IE_08_023282_1_WF_Lin1
XXXX/XXXX/HK-106/78
gi|73426755|gb|DQ096596.1|HK-5/75
1976/Japan/D2676

1249 :
XXXX/XXXX/AV_1796/90_3107/ABRCK77171
A_BR_CK_90160_AV1769-90_5050_Lin3
V/KJ123642.1/chicken/Brazil/APMV-1/chicken/Brazil/SJM/75/1975

747 :
VI_f/JN942098.1/pigeon/USA/Pigeon/North_Carolina/56404/2000_/2000
2002/USA/Waterfowl/Texas/209682/2002
VI_f/JX901341.1/pigeon/USA/APMV1/Pigeon/PA/USA/0712/2007/2007
VI_f/JN872182.1/pigeon/USA/Pigeon/New_York/12339/1998_/1995
VI_f/JX901318.1/duck/USA/APMV1/Duck/PA/USA/0203/2002/2002
VI_f/JN942099.1/gannet/USA/Gannet/Pennsylvania/25017/2000_/2000
VI_f/JN942095.1/pigeon/USA/Pigeon/Oklahoma/7668/1997_/1997
VI_f/JX901312.1/pigeon/USA/APMV1/Pigeon/USA/0101/2001/2001
VI_f/JN967786.1/pigeon/USA/Pigeon/New_Jersey/58300-4/2000_/2000

771 :
VI_e/JX244803.1/pigeon/China/Pigeon/China/110/08/2008
gi|402229767|gb|JX244801.1|Pigeon/China/107/08
VI_e/JX244794.1/pigeon/China/Pigeon/China/100/08/2008
1996/China/STP96
gi|33188025|gb|AY325798.1|
2005/China/_NDV05-028
VI_e/GQ338311/China/ND/05/028/2005
gi|430824696|gb|KC143163.1|PB9601
1997/China/_NC9701
2005/China/_NDV05-029
gi|430824704|gb|KC143167.1|YZ9712
gi|430824694|gb|KC143162.1|NP9904
gi|430824678|gb|KC143154.1|Ch98-1
2002/China/NDV02-044
2003/China/NDV03-051

2312 :
VII_d/KJ525679.1/duck/China/Du/SD/DZ/2008/2008
VII_d/EF211810/goose/China/JS/4/05/Go/2005
gi|198401215|gb|FJ011448.1|TZ060107
2006/China/CK/CH/HLJ/206
gi|253740312|gb|GQ245789.1|HA-20-07-Ch
2006/China/JS/5/06/Ch
gi|154818999|gb|EU044801.1|JS/8/05/Ch
2007/China/HA-2-07-Ch
gi|253740302|gb|GQ245784.1|HA-4-08-Ch
gi|167378921|gb|EU419280.1|NDV07-21
2006/China/YS/06
VII_d/EF579733/chicken/China/Chicken/Shandong/Pyan/04/2004
gi|218511423|gb|FJ480799.1|CK/CH/HN/1/07
gi|167378889|gb|EU419264.1|NDV07-05
gi|124482052|gb|EF221697.1|NDV06-031
gi|226347862|gb|FJ810458.1|NDV08-033
gi|291170597|gb|GU591908.1|NDV09-013
gi|167378891|gb|EU419265.1|NDV07-06
gi|167378955|gb|EU419297.1|NDV07-38
gi|291170653|gb|GU591936.1|NDV09-041
gi|124482118|gb|EF221730.1|NDV06-068
XXXX/China/NDV07-45
gi|124482142|gb|EF221742.1|NDV06-081
gi|124482150|gb|EF221746.1|NDV06-087
XXXX/China/NDV07-09
gi|124482152|gb|EF221747.1|NDV06-088
gi|167378901|gb|EU419270.1|NDV07-11
VII_d/GQ245786/chicken/China/HA-13-07-Ch/2007
gi|253740298|gb|GQ245782.1|DT-3-08-Ch
VII_d/FJ426563/chicken/China/SDWF01/2008
gi|124295080|gb|EF211811.1|JS/5/06/Go
gi|124295082|gb|EF211812.1|JS/6/06/Go
2006/China/JS/4/06/Go
VII_d/GQ245788/chicken/China/HA-15-07-Ch/2007
gi|253740318|gb|GQ245792.1|SY-17-07-Ch
VII_d/JQ013862.1/goose/China/JS-08-11-Go/2011
VII_d/JQ013864.1/chicken/China/JS-10-11-Ch/2011
gi|444236147|gb|KC122244.1|chicken/Shaanxi/W2/2006
VII_d/KC853019.1/crested_ibis/China/NDV/crested_ibis/China/Shaanxi06/2006/2006
gi|269308668|gb|GU166154.1|ND-XX08
VII_d/FJ011443/chicken/China/SDMH07/2007
XXXX/China/SDCX07
XXXX/China/HNDY07
gi|291170695|gb|GU591957.1|NDV09-062
VII_d/JX519467.1/chicken/China/chicken/China/JSX1/2010/2010
gi|253740316|gb|GQ245791.1|SN-5-08-Ch
VII_d/KJ525706.1/chicken/China/Ch/SD/DZ/2007/2007
gi|253740294|gb|GQ245780.1|AN-9-07-Ch
gi|312201032|gb|HM748945.1|chicken/China/SD2/2008
VII_d/KJ600785.1/chicken/China/Ch/CH/SD/2008/128/2008
gi|226347836|gb|FJ810445.1|NDV08-019
gi|167378989|gb|EU419314.1|NDV07-57
2001/China/NDV07-58
gi|167378983|gb|EU419311.1|NDV07-54
2008/China/NDV08-024
1947/China/NDV07-53
2006/China/NDV08-066
gi|226347906|gb|FJ810480.1|NDV08-055

1795 :
1997/China/GPMY/QY97-1
HK_705_02_FC_Lin5d
2006/China/NDV06-064
gi|167378947|gb|EU419293.1|NDV07-34
HK_705_02_CIC_Lin5d
2003/Hong_Kong/Chicken/Hong_Kong/1933.5/2003/SV031933.5
2003/Hong_Kong/Chicken/Hong_Kong/1907.5/2003/SV031907.5

1256 :
XXXX/Italy/IT-50/73
gi|12246941|gb|AF218138.1|IT-63/73
XXXX/Italy/IT-110/73
XXXX/XXXX/DE-172/70
XXXX/Italy/IT-51B/72
XXXX/XXXX/Antrim_73/United_Kingdom_Northern_Ireland
XXXX/XXXX/DE-7/78
gi|32365404|gb|AF525370.1|DE-173/70
gi|22037182|gb|AF402113.1|BG-88/73
XXXX/XXXX/BG-55/75
gi|22037186|gb|AF402115.1|BG-17/74
XXXX/XXXX/AV_1052/84/HUPI84167
XXXX/XXXX/HR-577/86
XXXX/XXXX/YU_Vo_-B/89
XXXX/XXXX/YU_Vo_-A/89
XXXX/XXXX/HR-448/79
gi|73426763|gb|DQ096600.1|HU-7/72
gi|374256135|gb|JN872155.1|Tenn_74-2445
XXXX/XXXX/BG-26/79
gi|21539392|gb|AY117007.1|YU
gi|21539376|gb|AY116999.1|HR-40/90
gi|21539380|gb|AY117001.1|HR-44/90
XXXX/XXXX/HR-569/82
XXXX/XXXX/BG-25/78
gi|21539412|gb|AY117017.1|HU-22/82
XXXX/XXXX/HR-567/81
gi|32395006|gb|AY175647.1|AALCK90163
XXXX/XXXX/HR-268/84
XXXX/XXXX/HR-123/81
XXXX/XXXX/BH-568/81
XXXX/XXXX/YU_Vo_-251/84
XXXX/XXXX/HR-571/83
XXXX/XXXX/HR-272/84
XXXX/XXXX/HR-207/87
gi|21539338|gb|AY116980.1|HR-270/84
XXXX/XXXX/YU_Sr_-293/84
gi|21539348|gb|AY116985.1|YU
IT-47-74G_AF218134_Lin3
gi|21539414|gb|AY117018.1|HU-232/83
XXXX/XXXX/HR-273/84
gi|21539416|gb|AY117019.1|HU-242/84
XXXX/XXXX/HR-116/83
IT-129-88G_AF218131_Lin3
gi|21539410|gb|AY117016.1|HU-457/81
XXXX/XXXX/YU_Vo_-7/95
XXXX/XXXX/HR-41/90
XXXX/XXXX/HR-582/87
gi|21539398|gb|AY117010.1|HR-Zel/94
XXXX/XXXX/YU_Vo_-E/92
gi|21539406|gb|AY117014.1|YU
gi|21539396|gb|AY117009.1|YU
XXXX/XXXX/YU_Vo_-1/94
gi|22037200|gb|AF402122.1|BG-90/77
gi|21539402|gb|AY117012.1|YU
XXXX/XXXX/YU_Vo_-1744/02
gi|21539404|gb|AY117013.1|YU

462 :
ZA-10-74G_AF136763_Lin3
XXXX/XXXX/ZA-34/94
gi|239582954|gb|FJ985978.1|chicken/South_Africa/RB/04
gi|28192785|gb|AY210497.1|ZA606/UP/00
XXXX/XXXX/ZA13/L/91
gi|22653348|gb|AF532143.1|ZA16/GF/91
gi|6539663|gb|AF136765.1|ZA-17/90
gi|22653342|gb|AF532140.1|ZA11/B/91
gi|22758946|gb|AF532752.1|ZA19/B/91
XXXX/XXXX/ZA-18/90

1352 :
gi|515794395|emb|HF969214.1|chicken/Nigeria/NIE10-333/2011
XIV_b/KC568206.1/guinea_fowl/Nigeria/NG-706/JG.KZ.14T/2009
XIV_b/HF969190.1/chicken/Nigeria/chicken/Nigeria/NIE08-2032/2009/2009
XIV_b/JQ039390.1/chicken/Nigeria/chicken/Nigeria/VRD07-233/2007/2007
gi|515794359|emb|HF969202.1|chicken/Nigeria/NIE09-2013/2009
XIV_b/HF969162.1/chicken/Nigeria/chicken/Nigeria/NIE10-032/2011/2011
XIV_b/HF969203.1/turkey/Nigeria/turkey/Nigeria/NIE09-2021/2009/2009
XIV_b/HF969187.1/chicken/Nigeria/chicken/Nigeria/NIE08-0453/2008/2008
XIV_b/HF969212.1/chicken/Nigeria/chicken/Nigeria/NIE10-318/2011/2011
XIV_b/HF969133.1/chicken/Nigeria/chicken/Nigeria/NIE08-2159/2009/2009
gi|515794347|emb|HF969198.1|chicken/Nigeria/NIE08-2279/2009
XIV_b/HF969178.1/chicken/Nigeria/chicken/Nigeria/NIE08-2270/2009/2009
gi|444436772|gb|JX546245.1|NDV/chicken/Benin/463MT/2009
XIV_b/HF969157.1/chicken/Nigeria/chicken/Nigeria/NIE09-2166/2009/2009
XIV_b/HF969143.1/chicken/Nigeria/chicken/Nigeria/NIE09-1597/2009/2009
gi|515794208|emb|HF969142.1|chicken/Nigeria/NIE09-1596/2009
gi|515794269|emb|HF969169.1|chicken/Nigeria/NIE10-150/2011
XIV_b/HF969170.1/chicken/Nigeria/chicken/Nigeria/NIE10-160/2011/2011
gi|515794454|emb|HF969241.1|chicken/Nigeria/NIE10-337/2011
XIV_b/HF969161.1/chicken/Nigeria/chicken/Nigeria/NIE10-024/2011/2011
gi|515794422|emb|HF969225.1|chicken/Nigeria/NIE10-151/2011
XIV_b/HF969166.1/chicken/Nigeria/chicken/Nigeria/NIE10-076/2011/2011
XIV_b/HF969177.1/chicken/Nigeria/chicken/Nigeria/NIE10-409/2011/2011
XIV_b/HF969164.1/chicken/Nigeria/chicken/Nigeria/NIE10-041/2011/2011
XIV_b/HF969211.1/chicken/Nigeria/chicken/Nigeria/NIE10-263/2011/2011
gi|515794277|emb|HF969173.1|chicken/Nigeria/NIE10-302/2011
XIV_b/KC568205.1/guinea_fowl/Nigeria/NG-705/KD.TW.7C/2009
gi|515794450|emb|HF969239.1|chicken/Nigeria/NIE10-191/2011
gi|515794460|emb|HF969244.1|chicken/Nigeria/NIE08-2186/2009
gi|515794383|emb|HF969210.1|chicken/Nigeria/NIE10-139/2011
gi|515794420|emb|HF969224.1|chicken/Nigeria/NIE10-085/2011
gi|515794257|emb|HF969163.1|chicken/Nigeria/NIE10-034/2011
gi|515794275|emb|HF969172.1|chicken/Nigeria/NIE10-258/2011
gi|515794392|emb|HF969213.1|chicken/Nigeria/NIE10-325/2011
gi|515794458|emb|HF969243.1|chicken/Nigeria/NIE10-446/2011

1151 :
gi|374351783|gb|JN942030.1|Cormorant/Wisconsin/28547/1997
gi|374351771|gb|JN942023.1|Cormorant/Oregon/276236-7/2003
V_a/JN942020.1/cormorant/USA/Cormorant/Oregon/399448/2005_/2005
2005/USA/19529-04_GS
gi|444303652|gb|KC130083.1|Cormorant/Delaware/39840-2/2010
gi|387860551|gb|JN255781.1|double-crested_cormorant/US
2010/USA/HN/652
gi|387860535|gb|JN255773.1|double-crested_cormorant/US
gi|387860547|gb|JN255779.1|herring_gull/US
V_a/JN255778/great_black-backed_gull/USA/great_black-backed_gull/US
V_a/KC433530.1/cormorant/USA/Cormorant/Florida/41105/2012/2012
gi|411018694|gb|JN941988.2|Cormorant/Florida/66638/2010
V_a/JN255782.1/double-crested_cormorant/USA/double-crested_cormorant/US
2008/USA/cormorant/US/1718/2008
gi|284019523|gb|GU332674.1|cormorant/US/24152008
V_a/JN942097.1/cormorant/USA/Cormorant/Wisconsin/1926/2008_/2008
2008/USA/cormorant/US/497/2008
2006/USA/cormorant/US/3168/2008
V_a/JN872161.1/cormorant/USA/Cormorant/Wisconsin/498260-2/07_/1997
gi|284019501|gb|GU332665.1|cormorant/US/1847/2008
gi|375874620|gb|JN941990.1|Cormorant/Wisconsin/1675-2/2008
2008/USA/cormorant/US/502/2008
2007/USA/cormorant/US/2349/2008
gi|284019509|gb|GU332669.1|cormorant/US/590/2008

2455 :
gi|76495687|gb|DQ198297.1|NDV02-446
gi|90568666|gb|DQ439917.1|NDV05-062
gi|76495709|gb|DQ217734.1|NDV04-04
2004/China/NDV04-05

514 :
gi|22037226|gb|AF402135.1|BG-29/86
A-24-96-G_AF001133_Lin4
gi|37574558|gb|AY135742.1|BBGPI95039
gi|22037232|gb|AF402138.1|BG-48695
S-1-95-G_AF001131_Lin4
VI_c/HQ839733.1/chicken/Sweden/Chicken/Sweden/95/1995
XXXX/XXXX/SE_A_102/95
XXXX/XXXX/CH-1/95

2020 :
VII_b/KJ184577.1/chicken/China/JS-07-12-Ch/2012
VII_b/KJ825878.1/chicken/China/chicken/Guangxi/D2/2012/2012
VII_b/KP064019.1/chicken/China/SD-25-13-Ch/2013
gi|482612739|gb|KC489471.1|Ch/SD834/12
VII_b/KF771883.1/duck/China/LC12/2012
gi|490255778|gb|KC542907.1|Chicken/China/Shandong/02/2010
VII_b/KJ184593.1/chicken/China/JS-24-12-Ch/2012
VII_b/KJ184597.1/chicken/China/AH-02-12-Ch/2012
gi|490255801|gb|KC542910.1|Chicken/China/Hebei/01/2011
VII_b/KC542911.1/chicken/China/Chicken/China/Beijing/01/2012/2009
VII_b/KJ184587.1/chicken/China/JS-18-12-Ch/2012
VII_b/KJ136260.1/goose/China/JLCC_2012/2012
VII_b/KJ136261.1/pigeon/China/JLDH_2013/2013
gi|422779604|gb|JX840455.1|Ch/SD758/12
gi|490255771|gb|KC542906.1|Chicken/China/Hebei/01/2010
VII_b/KJ525696.1/chicken/China/Ch/SD/WF/2012/2012
VII_b/KJ525693.1/chicken/China/Ch/SD/YG/2013/2013
gi|490255764|gb|KC542905.1|Chicken/China/Liaoning/01/2009
gi|358628130|gb|JQ013856.1|JS-02-11-Ch
gi|226597559|gb|FJ882014.1|SG/Liaoning/2009
gi|358628154|gb|JQ013868.1|JS-14-11-Ch
gi|358628148|gb|JQ013865.1|JS-11-11-Ch
VII_b/KP064020.1/chicken/China/JS-30-13-Ch/2013
VII_b/KJ184589.1/chicken/China/JS-20-12-Ch/2012
gi|358628160|gb|JQ013871.1|JS-17-11-Ch
gi|358628158|gb|JQ013870.1|JS-16-11-Ch
VII_b/KJ525686.1/chicken/China/Ch/SD/YS/2010/2010
VII_b/JQ013873.1/chicken/China/JS-19-11-Ch/2011
VII_b/JQ013877.1/chicken/China/SD-01-11-Ch/2011
gi|358628174|gb|JQ013878.1|SD-02-11-Ch
VII_b/KJ184576.1/chicken/China/JS-06-12-Ch/2012
VII_b/KJ525711.1/chicken/China/Ch/SD/YT/2012/2012
VII_b/KJ525708.1/chicken/China/Ch/SD/CP/2012/2012
VII_b/KJ184578.1/chicken/China/JS-08-12-Ch/2012
VII_b/KP064018.1/chicken/China/JS-27-13-Ch/2013
VII_b/KJ525713.1/chicken/China/Ch/SD/MH7/2011/2011
VII_b/KJ525712.1/chicken/China/Ch/SD/MH10/2011/2011
VII_b/KJ525715.1/chicken/China/Ch/SD/MH4/2011/2011
VII_b/KJ567597.1/chicken/China/chicken/China/SDZB11/2013/2013
VII_b/KF055273.1/chicken/China/Ch/SD01/13/2013
VII_b/KJ525704.1/chicken/China/Ch/SD/HZ/2012/2012
VII_b/KF935230.1/chicken/China/YT/2011
VII_b/JX840452.1/chicken/China/Ch/SD754/12/2012
VII_b/KJ184599.1/chicken/China/JS-02-12-Ch/2012
VII_b/KC542912.1/chicken/China/Chicken/China/Shandong/01/2012/2012
VII_b/KJ525699.1/chicken/China/Ch/SD/LQ/2011/2011
VII_b/KP064015.1/chicken/China/JS-22-13-Ch/2013
VII_b/KJ525707.1/chicken/China/Ch/SD/XT2/2012/2012
IL_13_017852_Ck_AV538_13_Lin5
IL_11_006791_CK_AV390_11_Lin5
IL_11_006787_CK_AV390_11_Lin5
IL_13_017850_Ty_AV538_13_Lin5
IL_11_006776_CK_AV390_11_Lin5
IL_11_006774_CK_AV390_11_Lin5
gi|411169868|gb|JX647839.1|NDV-EG-567F-2012
IL_11_006783_CK_AV390_11_Lin5
IL_11_006779_CK_AV390_11_Lin5
IL_14-023815_CK
IL_14-023812_CK
IL_11_006761_CK_AV390_11_Lin5
IL_13_017861_Ck_AV538_13_Lin5
IL_14-023813_CK
VII_b/KM016457.1/chicken/Israel/159/2014
VII_b/KM016459.1/chicken/Israel/180/2014
IL_14-023824_CK
gi|377657180|gb|JN849577.1|chicken/Israel/555/2011
2011/China/SDYT03
VII_b/KC484655.1/chicken/Israel/chicken/Israel/998/2011/2011
IL_11_006757_CK_AV390_11_Lin5
IL_11_006773_CK_AV390_11_Lin5
IL_11_006821_CK_AV390_11_Lin5
IL_11_006792_CK_AV390_11_Lin5
gi|358628138|gb|JQ013860.1|JS-06-11-Ch
VII_b/KP064016.1/chicken/China/JS-23-13-Ch/2013
VII_b/KJ184575.1/chicken/China/JS-05-12-Ch/2012
VII_b/KJ184596.1/chicken/China/SD-03-12-Ch/2012
VII_b/KJ184595.1/chicken/China/SD-02-12-Ch/2012

203 :
NO_158_05_Lin1
XXXX/XXXX/APMV/duck/13/07
IE_08_023279_1_WF_Lin1
IE_08_023280_1_WF_Lin1
UK_868_05_B324_PH_Lin1
2002/Russia/FarEast/3652
I_b/KC503481.1/coot/Russia/coot/Russia/Nikita/538/FFNK10/2007/2007
I_b/KC503482.1/slaty_backedgull/Russia/slaty-backedgull/Russia/Nikita/539/FFNK11/2007/2007
I_b/JX401403.1/mallard/South_Korea/CBU2249/2007
I_b/JX193081.1/duck/China/duck/China/Guangxi20/2010/2010
I_b/JX193083.1/duck/China/duck/China/Guangxi22/2010/2010
I_b/JX193077.1/duck/China/duck/China/Guangxi16/2008/2008
UK_AV2262-08_AV-08-039306_TK_Lin1
I_b/KC750152.1/duck/China/Duck/CH/GD/SZ-05/2008
2005/China/R8
2003/Slovakia/Palarikovo
I_b/KF851269.1/teal/Ukraine/Teal/Krasnooskilsky/5-11/2009/2009
I_b/HE972210.1/duck/Luxembourg/APMV-1/duck/Luxembourg/3785/2007/2007
I_b/HE972213.1/mallard/Luxembourg/APMV-1/mallard/Luxembourg/4178/2008/2008
I_b/JX518874.1/red-billed_teal/Madagascar/2009/Madagascar/MGA284C/2009
2001/Russia/FarEast/2687
XXXX/XXXX/APMV/duck/11/07
gi|255738894|gb|FJ597620.1|D_JS_39_05
IE_08_023285_1_WF_AV1521_08_Lin1
IE_08_023281_1_WF_Lin1
DK_1582_03_DK_Lin1
P_NO_PI_00245_Lin1
XXXX/XXXX/APMV/wild_duck/SH39/06
I_b/KF851270.1/Ruddy_Shelduck/Ukraine/Ruddy-Shelduck/AN/371502/11/2011
I_b/HG326606.1/wingedgoose/Nigeria/wingedgoose/Nigeria/NIE08-0124/2008/2008
UK_3186_07_DK_Lin1
FI_1296_03_PH_Lin1
I_b/JQ966077.1/mallard/South_Korea/KR/WB/KU17/08/2008
I_b/JQ966084.1/mallard/South_Korea/KR/WB/KU628/09/2009
gi|255738868|gb|FJ597607.1|D_JS_41_05
2004/China/D_JS_12_05
I_b/FJ597606.1/duck/China/D/JS/40/05/2005
DK_1376_03_DK_Lin1
XXXX/XXXX/APMV/duck/06/07
2005/China/D_AH_10_04
gi|255738750|gb|FJ597548.1|D_AH_7_04
I_b/KC750151.1/duck/China/Duck/CH/GD/SH-05/2005
I_b/HM063422.1/feralduck/China/D3/Guang-dong/2007/2007
DE_1294_07_SU68R_07_DK_Lin1
IT_7738_06_381-06_TE_Lin1
BG_409_08_PI_Lin1
1995/China/D_SD_11_05
2005/China/D_HN_37_05
2005/China/D_JS_14_05
2008/China/D_ZJ_52_05
2005/China/D_JS_7_05
2004/China/D_JS_8_05
I_b/FJ597610.1/duck/China/D/JS/53/05/2005
2005/China/D_JS_44_05
gi|255738878|gb|FJ597612.1|D_SD_15_05
2005/China/D_JS_51_05

2409 :
gi|124482016|gb|EF221679.1|NDV06-013
VII_b/EF592507/whitefronted_goose/China/white-fronted_goose/China/HLJ-75/06/2006
VII_d/FJ480791/chicken/China/CK/CH/HLJ/1/07/2007
VII_d/KJ525702.1/chicken/China/Ch/SD/KD1/2008/2008
VII_d/GQ245794.1/goose/China/YZ-19-07-Go/2007
VII_d/GQ245793/goose/China/XZ-18-07-Go/2007
gi|490255742|gb|KC542902.1|Chicken/China/Beijing/01/2009
gi|253740324|gb|GQ245795.1|YZ-28-07-Ch
2006/China/NDV06-043
2006/China/NDV06-044
gi|146358620|gb|EF521889.1|mallard/China/HLJ-13-05
gi|124482074|gb|EF221708.1|NDV06-042
VII_d/HM188396.1/duck/China/SDTA/2007
VII_d/EF592502/mandarin_duck/China/mandarin_duck/China/HLJ-36-05/2005
2006/China/CH/HLJ01306
2005/China/HLJ361/05
gi|218511401|gb|FJ480788.1|NDV/WB/CH/HLJ001/06
gi|124482124|gb|EF221733.1|NDV06-071
gi|90568724|gb|DQ439946.1|NDV05-094
gi|167378933|gb|EU419286.1|NDV07-27
gi|213985399|gb|FJ434241.1|goose/Jinling/JG11/2008
gi|213985401|gb|FJ434242.1|chicken/Jinling/JD6/2008
XXXX/China/NDV07-24
2006/China/NDV06-046
2006/China/NDV06-048
2005/China/NDV05-008
2006/China/NDV06-041
XXXX/China/NDV07-26
2005/China/NDV05-092
gi|90568718|gb|DQ439943.1|NDV05-091
gi|226347820|gb|FJ810437.1|NDV08-011
gi|90568586|gb|DQ439877.1|NDV05-020
gi|213985395|gb|FJ434239.1|chicken/Jinling/JF27/2008
2004/China/chicken/Jinling/JD7/2008
XXXX/China/chicken/Jinling/JG28/2008

1144 :
V_a/FJ705462/cormorant/USA_
V_a/JN942026.2/Cormorant/USA/Cormorant/New_York/268898-7/2003/2003
2003/USA/Cormorant/New_York/268898-7/2003
gi|111052690|gb|DQ833284.1|NDV/Cormorant/SK/25058/2003
gi|111052693|gb|DQ833285.1|NDV/Cormorant/AB/NS-637/2003
gi|284019469|gb|GU332649.1|cormorant/US/256/2002
gi|374256147|gb|JN872159.1|Cormorant/Wisconsin/451287-11/06
2008/USA/506

1197 :
gi|187711121|gb|EU518679.1|Mexico/048-2/457
1996/Mexico/37821/96
V_b/JN942045.1/turkey/Belize/Turkey/Belize/4438-4/2008/2008
gi|374351810|gb|JN942045.1|Turkey/Belize/4438-4/2008
gi|37963779|gb|AY246050.1|game_fowl/U.S.
2002/USA/21147202
gi|37963788|gb|AY246053.1|pet_bird/U.S.
2003/USA_CA_Compton/fly/U.S._CA_/1001/03
gi|37963785|gb|AY246052.1|chicken/U.S.
XXXX/XXXX/chicken/U.S._CA_/5634/03
gi|37963782|gb|AY246051.1|chicken/U.S.
XXXX/XXXX/chicken/Mexico/3/00
V_b/EU518680/chicken/Mexico/chiken/Mexico_
V_b/EU518681/chicken/Mexico/chiken/Mexico_
XXXX/XXXX/chicken/Mexico/4055/00
XXXX/XXXX/gamefowl/US_TX_/248306/03
gi|38326804|gb|AY444500.1|parrot/U.S.
gi|37963746|gb|AY246039.1|chicken/Mexico/3242/99
XXXX/XXXX/chicken/Mexico/4702/00
XXXX/XXXX/chicken/Mexico/6244/98
XXXX/XXXX/chicken/Mexico/4100/99
gi|37963773|gb|AY246048.1|chicken/Mexico/6248/99
XXXX/XXXX/chicken/Mexico/290/00
XXXX/XXXX/chicken/Mexico/3310/00
XXXX/XXXX/chicken/Mexico/300/00
XXXX/XXXX/chicken/Mexico/5166/98

276 :
I_c/EF564817/ruddyturnstone/USA/ruddyturnstone/US
2002/USA/ruddy_turnstone/US_NJ_/717/2002
2002/USA/ruddy_turnstone/US_DE_/195/2002
2004/USA/mallard/US_MD_/04-365/2004

1084 :
DE_1294_07_R546_07_PI_Lin4
gi|425856248|gb|JX901121.1|PPMV-1/Belgium/07-04943/2007
gi|425856234|gb|JX901119.1|PPMV-1/Belgium/05-01824/2005
2005/Slovakia__Lietavska_Lucka/Vh_1342-05
DE_1294_07_R543_07_PI_Lin4
AT_2250_07_07064307_PI_Lin4

1538 :
MZ_44_95G_AF136777_Lin5
MZ_46_95G_AF136778_Lin5
XXXX/XXXX/MZ-50/95
gi|356968722|gb|HQ702459.1|ndv39_706
XXXX/Mozambique/ndv7_920h

1100 :
gi|374256168|gb|JN872166.1|Dove/Italy/VIR_24/2008
2009/Italy/NDV/DOVE/IT/10RS6431_RS7313VIR/2010
XXXX/Italy/PITCK00343/343
gi|28268514|emb|AJ306305.1|99106

2217 :
TY_1120_04_TY_Lin5d
TR_AV1268_07_4_CK_Lin5d
TR_AV826_08_14_CK_Lin5d
TR_AV826_08_K_CK_Lin5d
TR_AV826_08_H_CK_Lin5d
TR_AV826_08_F_CK_Lin5d
TR_AV1268_07_13_CK_Lin5d
BG_AV470_09_011814_CK_Lin5d
TR_AV601_12_AVP12_015934_2_CK_Lin5d
TR_AV601_12_AVP12_015967_16_CK_Lin5d
TR_AV601_12_AVP12_015963_12_CK_Lin5d
TR_AV601_12_AV12_015871_11_CK_Lin5d
TR_AV601_12_AVP12_015956_5_CK_Lin5d
TR_AV1269_07_1_CK_Lin5d
TR_AV1268_07_9_CK_Lin5d
TR_AV1268_07_7_CK_Lin5d
TR_AV1268_07_11_CK_Lin5d
TR_AV826_08_G_CK_Lin5d
TR_AV826_08_3_PI_Lin5d
TR_AV826_08_8_CK_Lin5d
TR_AV826_08_N_CK_Lin5d

1068 :
gi|44894472|gb|AY471725.1|PUKPI02428
gi|425856206|gb|JX901118.1|PPMV-1/Belgium/03-05843/2003
UK257_10_PI_AV000257-10_Lin4
UK_16-045979_PI
UK1875_07_PI_AV1875-07_Lin4
UK_7575_06_scot_part_Lin4
IE_AV1521_08_023293_Lin4
IE_AV1521_08_023292_PI_Lin4
IE_AV1521_08_023288_1_PI_Lin4
IE_AV1521_08_023287_1_PI_Lin4
IE_AV1521_08_023289_1_PI_Lin4
IE_AV1521_08-023290_PI_Lin4
2004/Ireland/PPMV-1/pigeon/IE/806/04
IE_11_029322_PI_AV1262-11_Lin4
IE_2173-07_Lin4

666 :
gi|33114956|gb|AY150120.1|HU-655/89
gi|33114944|gb|AY150114.1|HU-491/87
gi|33114952|gb|AY150118.1|HU-541/88
XXXX/Austria/PATPI96413/413
XXXX/Austria/PATPI96335/335

2271 :
2003/China/PX2/03
gi|121282136|gb|EF175145.1|PX2/03
XXXX/China/YN-C2
gi|445068917|gb|JX855036.1|ibis/China/Shaanxi06/2006

61 :
gi|28569639|emb|AJ415880.1|Pigeon_paramyxovirus-1_strain_99143
II/AB465605.1/chicken/Japan/Japan/Met/95/1995
gi|22758930|gb|AF532744.1|ZA375/B/00
XXXX/XXXX/AV_1058/99_99143/EFRPI99117
II/JX901307.1/USA/APMV1/USA/9602/1996/1996
XXXX/XXXX/AV_862/95_5249/EZWOS95108
gi|167378881|gb|EU419260.1|NDV07-01
gi|22653360|gb|AF532149.1|ZA307/B/99
gi|33772483|gb|AY289002.1|turkey/USA/VGGA/89
1947/USA/B1-Takaski
GH_D28_AV299_10_Lin2
F_IT_BR_94137_av340-94_514-94_Lin2
II/JX901331.1/pigeon/USA/APMV1/Pigeon/PA/USA/0702.2/2007/2007
UK_7686_06_TK_Lin2
UK_7739_06_ty_Lin2
II/JX901343.1/pigeon/USA/APMV1/Pigeon/MN/USA/0713.2/2007/2007
II/HF969160.1/chicken/Cameroon/chicken/Cameroon/CAE11-68/2011/2011
UK_15-039047_CK
1987/USA/VG/GA
JL-1_97-G_AF400614_Lin2
XXXX/China/DZ0702
II/KJ607168.1/goose/China/go/CH/LFJ/1/6/2006
gi|22653352|gb|AF532145.1|ZA202/B/96
gi|28192769|gb|AY210489.1|ZA719/UP/97
gi|41350738|gb|AY390314.1|PK9910_from_pigeon
AT_1632_03_Lin2
gi|167614381|gb|EU296496.1|TW
gi|4730994|gb|AF099661.1|
XXXX/China/HB92
gi|402235552|gb|JX193080.1|duck/China/Guangxi19/2009
gi|76495715|gb|DQ217737.1|NDV04-08
gi|76495717|gb|DQ217738.1|NDV04-09
2003/China/NDV03-059
gi|163860204|gb|EU330230.1|D58
2006/China/YTCX08
gi|76495721|gb|DQ217740.1|NDV04-11
2005/China/NDV05-022
2002/China/NDV02-074
2002/China/NDV02-456
2002/China/NDV02-050
gi|76495713|gb|DQ217736.1|NDV04-06
II/EF589138.1/ostrich/China/Guizhou_TN
2002/China/NDV02-034
gi|358628162|gb|JQ013872.1|JS-18-11-Ch
gi|28192771|gb|AY210490.1|ZA1366/UP/99
2004/China/SD/204
II/JN942019.1/Peru/Avian/Peru/3442-6/2009/2009
XXXX/China/wfNDV
IT_360_93_118-90-1993_GF_Lin2
XXXX/XXXX/AV_322/98_40/97/EBROS98007
II/HM357251.1/chicken/India/NDV-4/Chicken/Namakkl/Tamil_Nasu/India/1987
gi|22758934|gb|AF532746.1|ZA385/B/01
2004/China/SQZ04
II/KM670002.1/chicken/China/SD01/13/2013
2007/China/XZ-30-07-Ch
gi|402229759|gb|JX244797.1|Pigeon/China/103/08
gi|110612929|gb|DQ682440.1|SD/1/03/Go
2005/Egypt/NDV/Ostrich/Ismailia/2010
IL_AV6308_06_115_Lin2
XXXX/XXXX/AV_1141/98_10603/EZA98003
II/KJ019841.1/chicken/China/BD12/2012
E_B1_47_GB_9-4-93_PilotLin2
gi|293927|gb|M24696.1|NDVFPE
gi|110612937|gb|DQ682444.1|SD/4/04/Go
II/GQ245769.1/chicken/China/XZ-26-07-Ch/2007
gi|22758938|gb|AF532748.1|ZA405/BB/01
2002/China/SBZ02
2003/China/SY03
II/KJ525703.1/chicken/China/Ch/SD/KD/2007/1993
gi|57282832|emb|AJ629066.1|
XXXX/XXXX/La_Sota
1997/India/NDVCUL97
gi|445068929|gb|JX855042.1|chicken/China/Shaanxi/y3/2008
gi|402229779|gb|JX244807.1|Pigeon/China/KP/114/08
II/KJ865709.1/chicken/Colombia/chicken/Colombia/3951-10/2010/2010
2007/China/YZ-27-07-Ch
gi|22653366|gb|AF532152.1|ZA312/B/99
gi|445068927|gb|JX855041.1|chicken/China/Shaanxi/k3/2008
gi|253740266|gb|GQ245766.1|XZ-4-07-Ch
gi|28192775|gb|AY210492.1|ZA1454/UP/95
E_ZA_OS_95005_10-1-99_Lin2
II/KC292513.1/chicken/China/F5/2010
II/DQ682436.1/goose/China/AH/1/04/Go/2004
gi|259563643|gb|GQ994433.1|XD/Shandong/08
XXXX/South_Korea/KNU-D/WSL/09
XXXX/XXXX/ZA12150/Worc/01
gi|22758936|gb|AF532747.1|ZA393/B/01
TR_12-015964_CK_Lin2
XXXX/XXXX/AV_1185/96_E91/EPLBD96010
gi|459938249|gb|KC292515.1|F74
gi|57282830|emb|AJ629065.1|
AV217-05462_462511_ty_IL_Lin2
II/KM885165.1/duck/China/Du/CH/LAH/209/2011/2011
gi|76057121|gb|DQ195265.1|Lasota
II/AF079324.1/pigeon/China/PNDV1/1998
gi|160689102|gb|EU258663.1|NDV023056-1
II/EU258659.1/chicken/China/NDV021343/2002
gi|222711166|gb|FJ608340.1|MQ/Liaoning/05
II/FJ608341.1/chicken/China/TYQ/Shanxi/2007
gi|222711170|gb|FJ608342.1|KQ/Liaoning/06
II/EU239663/swine/China/Jilin/1997
gi|66220415|gb|DQ023198.1|FM1/03
XXXX/China/NDV021344
II/KJ525671.1/chicken/China/Ch/SD/SH2/2011/2011
II/DQ363532.1/goose/China/Goose/Jiangsu/JS05/03/2003
II/JX482548.1/seafowl/China/H1_/2011

1869 :
XXXX/XXXX/TShan
gi|261597225|gb|GQ901893.1|MB064/05
gi|41350698|gb|AY390294.1|ZG_from_partridge
2005/Malaysia/MB016/07

1559 :
gi|58003480|gb|AY865652.1|Sterna/Astr/2755/2001
DK_835_02_65940_Lin5
DK_835_02_65868_Lin5
SE_AV2388_08_Lin5
ES_AV10_010987_PH_AV268_10_Lin5
SE_1382_AV039296_09_Lin5
CH_11_037559_CK_AV1609_11_Lin5
SE_14-025634_CK.seq_AV000869-14
FI_805_04_TY_Lin5
SE_1613_05_1390_Lin5
UK_739_05_MCF_350461_Lin5
SE_8195_06_15_12_06_Lin5
SE_AV1558_05_Lin5
DK_av1466_05_64720_Lin5

1840 :
gi|76495501|gb|DQ217667.1|NDV03-002
gi|76495505|gb|DQ217669.1|NDV03-004
gi|41350712|gb|AY390301.1|HEBC3_from_chicken
2004/China/NDV04-24
gi|41350732|gb|AY390311.1|YG98-2C4_from_goose
2006/China/NDV06-067
gi|76495733|gb|DQ217746.1|NDV04-18

306 :
UK_AVP-10-011631_CK_Lin1
gi|170672257|gb|EU547753.1|APMV/duck/03/06
G_NZ_DK_98025_AV963-98_5_Lin1
G_NZ_DK_99112_AV1031-99_131_Lin1
XXXX/XXXX/AV_1031/99_8043/95/GNZCK95113
XXXX/XXXX/AV_PanVac__2/P2_UQ_/GET99197
gi|379996885|gb|JQ007350.1|
GQ_QUEENS_GB_9-4-93_PilotLin1
I_a/KJ865705.1/chicken/Colombia/chicken/Colombia/1326-14553/2009/2009
gi|160689078|gb|EU258651.1|NDV016540
gi|160689070|gb|EU258647.1|NDV015239
gi|160689058|gb|EU258641.1|NDV006150
I_a/KJ865704.1/chicken/Colombia/chicken/Colombia/1326-14493/2009/2009
I_a/EU258636/chicken/China/NDV01683/2001
UK_AV1477_05_Bp_Ck_Lin1
I_a/AY935493/chicken/Australia/98-1252/1998
AU_CK_98027_18-05-01_Lin1
I_a/GU332645.1/chicken/Australia/APMV-1/chicken/Australia/9809-19-1107/1998/1998
I_a/AY935490/chicken/Australia/02-1334/2002
I_a/AY935494/chicken/Australia/99-0655/1999
gi|61393448|gb|AY935498.1|99-1435
1999/Australia/PR-32
gi|61393416|gb|AY935495.1|99-0868hi
gi|61393427|gb|AY935496.1|99-0868lo
gi|61393351|gb|AY935489.1|01-1108
I_a/AY935491/chicken/Australia/98-1154/1998
SG_AV961-05_F184-3-05_Lin1
gi|253740292|gb|GQ245779.1|XZ-32-07-Ch
gi|372001702|gb|JQ029740.1|Duck/China/SDFC07/2011
XXXX/South_Korea/KNU-C/SN/09
2009/South_Korea/KNU-C/HC/09
XXXX/XXXX/APMV/duck/14/07
XXXX/XXXX/APMV/duck/08/07
I_a/KF494201.1/chicken/China/LX/Shandong/2003
1966/Australia/V4Vaccine
UK_1598_05_Lin1
gi|385654409|gb|JQ966081.1|
gi|356968692|gb|HQ702442.1|
I_a/JQ966079.1/turkey/SouthKorea/KR/Turkey/KU/LBM116/9/2009
gi|194307256|gb|EU847302.1|NIAH9833-07
SG_AV_961-05_F218-3-05_Lin1
XXXX/XXXX/chicken/U.S._PA_/31003/92
I_a/FJ480814/chicken/China/CK/CH/NX1/06/2006
XXXX/XXXX/ZA370/B/00
I_a/KR338979.1/chicken/China/chicken/China/SD0901/2009/2009
2006/China/CK/CH/NX/206
2009/China/TS09-C

1660 :
1995/Malaysia/MB043/06
2007/Malaysia/MB091/05
2004/Malaysia/MB095/05

1881 :
2006/China/NDV06-004
2006/China/NDV06-061
gi|167378945|gb|EU419292.1|NDV07-33
gi|291170697|gb|GU591958.1|NDV09-063
2008/China/NDV08-031
gi|226347856|gb|FJ810455.1|NDV08-030
gi|291170693|gb|GU591956.1|NDV09-061
XXXX/China/DQ
1986/China_Guangxi_Province/sparrow/Guangxi/YL9/06
gi|237861393|gb|FJ938177.1|chicken/Guangxi/YL11/06
gi|511774850|gb|KC750157.1|Duck/CH/GD/SS-10
gi|124482114|gb|EF221728.1|NDV06-066
2006/China/NDV06-065
gi|237861389|gb|FJ938175.1|sparrow/Guangxi/YL3/05
gi|291170647|gb|GU591933.1|NDV09-038
XXXX/China/GX/1/05/Ch
VII_b/JX244792.1/pigeon/China/Pigeon/China/SD/55/06/2006
gi|218511403|gb|FJ480789.1|CK/CH/GD/1/05

1911 :
VII_b/GU124591/chicken/China_
XXXX/China/NDV0210149
gi|160689056|gb|EU258640.1|NDV05013
gi|237861383|gb|FJ938172.1|sparrow/Guangxi/LZ9/07

2279 :
VII_d/JN872164.1/chicken/Colombia/Chicken/Colombia/440620/06_/2006
VII_d/KJ865694.1/chicken/Colombia/chicken/Colombia/1326-13207/2009/2009
gi|375874640|gb|JN942001.1|Poultry/Colombia/446-00/2008
VII_d/KJ865706.1/fighting_rooster/Colombia/fighting_rooster/Colombia/2077-26/2009/2009
VII_d/KJ865701.1/chicken/Colombia/chicken/Colombia/1326-14301/2009/2009
VII_d/KJ865702.1/chicken/Colombia/chicken/Colombia/1326-14322/2009/2009
VII_d/KJ865715.1/chicken/Colombia/chicken/Colombia/12129-14/2009/2009

1237 :
V_d/HG937571.1/chicken/Uganda/NDV/chicken/Uganda/MU013/2011/2011
V_d/HG937580.1/chicken/Uganda/NDV/chicken/Uganda/MU040/2011/2011
V_d/HG937572.1/chicken/Uganda/NDV/chicken/Uganda/MU019/2011/2011
V_d/HG937573.1/chicken/Uganda/NDV/chicken/Uganda/MU024/2011/2011

966 :
VI_a/JN941995.1/pigeon/USA/New_York/1989-19/2008_/2008
gi|159507420|gb|EU240574.1|Vh_273-06
gi|159507436|gb|EU240582.1|Vh_536-06
gi|159507432|gb|EU240580.1|Vh_529-06
gi|159507438|gb|EU240583.1|Vh_538-06
2006/Luxembourg/APMV-1/pigeon/Luxembourg/119/2006
AT_175_04_PI_Lin4

490 :
XXXX/Italy/IT-148/95
XXXX/Belgium/AV_911/97_97-115vb/BBECK97037
XXXX/XXXX/APMV1/parakeet/Japan/Chiba/97

710 :
XXXX/United_Kingdom/PUKPI89229/229
gi|33114962|gb|AY150123.1|DE-72/90
XXXX/Ireland/PIEPI91375/375
XXXX/United_Kingdom/PUKPI93404/404
XXXX/United_Kingdom/PUKPI93399/399
XXXX/United_Kingdom/PUKPI90397/397
XXXX/Ireland/PIECK92326/326
XXXX/United_Kingdom/PUKPI--418/418
gi|44894644|gb|AY471811.1|PUKPI--417
gi|44894636|gb|AY471807.1|PIEPI92332
gi|44894634|gb|AY471806.1|PIECK91301
XXXX/United_Kingdom/PUKPI91353/353
gi|44894628|gb|AY471803.1|PUKPI90230
gi|44894626|gb|AY471802.1|PUKPI90222
XXXX/United_Kingdom/PUKPI90236/236
gi|44894622|gb|AY471800.1|PUKPI91233
XXXX/United_Kingdom/PUKPI91344/344
gi|44894638|gb|AY471808.1|PIECK96338

676 :
XXXX/Italy/PITPI98371/371
XXXX/Italy/PITPI94406/406
XXXX/XXXX/IT-153/96
gi|33115008|gb|AY150146.1|IT-151/95
XXXX/Italy/PITPI96407/407
gi|44894702|gb|AY471840.1|PITPI97341

2512 :
VII_d/AY253912/parrot/China/YN-PA01/2001
gi|49473624|gb|AY635811.1|Gxg44
gi|90568654|gb|DQ439911.1|NDV05-056
XXXX/China__Guangxi/Gxg17
gi|49473623|gb|AY635810.1|Gxg17

800 :
DE_AV1294_07_R2305_06_PI_Lin4
gi|549436781|emb|HG326603.1|pigeon/Nigeria/NIE07-063/2007
VI_h/HG326602.1/pigeon/Nigeria/pigeon/Nigeria/NIE07-062/2007/2007
VI_h/HG326604.1/pigeon/Nigeria/pigeon/Nigeria/NIE09-1898/2009/2013
ET_AV6239_06_303_Lin4
gi|409677447|gb|JX518532.1|
ET_AV681_08_1_2384-08_Lin4
ET_AV681_08_5_22028_Lin4
ET_AV1205_08_P2_Lin4
ET_AV681_08_2_22028_Lin4

834 :
SE_AV826-10-035602_PI_Lin4
SE_AV1541_11_04063_CK_Lin4
SE_11_04062_CK_Lin4
FI_13-037549_PI_AV1148-13_Lin4

2160 :
XXXX/XXXX/AV_1017/99_246_VVVV/1AEOS99101
B_SA_CK_00184_Lin5d
KE_av7840_06_21_DK_Lin5d

609 :
VI_g/KJ914671.1/pigeon/Ukraine/Pigeon/Dnipropetrovsk/1-18-11/2011
2009/Russia/Pi/Rus/Kemerovo/0267/09
gi|381396252|gb|JF824010.1|Pi/Rus/Kemerovo/592-1/05

615 :
2007/Poland/PPMV-1/PL/H2/10
EE_AV7839_06_2_Lin4
EE_AV7839_06_1_Lin4
EE_7655_06_Lin4
EE_1779-07_Lin4
EE_12-041097_Lin4
EE_12-041084_AV1429-12_Lin4
EE_12-041074_Lin4

557 :
IL_181_01_Lin4
IL_233_01_373_Lin4
IL_AV415_05_1686_TY_Lin4

1917 :
VII_b/KJ184584.1/chicken/China/JS-14-12-Ch/2012
gi|373940368|gb|JN631747.1|JS-5-05-Go
2003/China/CK/CH/JL/503
2003/China/CK/CH/JL/3/03
2003/China/CK/CH/JL/203
VII_b/KJ525687.1/chicken/China/Ch/SD/XT/2009/2009
gi|490255720|gb|KC542899.1|Chicken/China/Jilin/01/2008
VII_b/KJ525709.1/chicken/China/Ch/SD/BD/2010/2010
VII_b/JN400897.1/chicken/China/Chichen/China/SDLY01/2010/2010
gi|490255785|gb|KC542908.1|Chicken/China/Shandong/01/2011
VII_b/KJ184591.1/chicken/China/JS-22-12-Ch/2012
2007/China/CJG/Xinjiang/07
2008/China/TCQQ/Tianjin/08
2008/China/SN-20-08-Ch
VII_b/GQ245812/chicken/China/XZ-9-08-Ch/2008
VII_b/FJ608350/chicken/China/DFGS/Beijing/08/2008
VII_b/GQ245807/chicken/China/XY-14-08-Ch/2008
2007/China/XZ-8-07-Ch
2007/China/XZ-12-07-Ch
2008/China/SN-6-08-Ch
gi|253740366|gb|GQ245816.1|XZ-16-07-Ch
2007/China/XZ-20-07-Ch
VII_b/HM748947.1/chicken/China/chicken/China/SD4/2008/2008
VII_b/GQ245805/chicken/China/SY-1-08-Ch/2008
VII_b/KJ525698.1/chicken/China/Ch/SD/LY1/2008/2008
VII_b/KJ600786.1/duck/China/Du/CH/SD/2009/134/2009
VII_b/JX482550.1/seafowl/China/H12/2011
VII_b/KJ525678.1/duck/China/Du/SD/GM/2008/2008
gi|291170621|gb|GU591920.1|NDV09-025
gi|291170619|gb|GU591919.1|NDV09-024
gi|291170595|gb|GU591907.1|NDV09-012
2008/China/NDV08-015
gi|291170613|gb|GU591916.1|NDV09-021
gi|226347822|gb|FJ810438.1|NDV08-012
gi|213985389|gb|FJ434236.1|chicken/Shandong/N1/2008
gi|213985391|gb|FJ434237.1|layer_chicken/Shandong/N2/2008
gi|76495579|gb|DQ217706.1|NDV03-041
gi|167378957|gb|EU419298.1|NDV07-39
gi|124482088|gb|EF221715.1|NDV06-049
gi|167378907|gb|EU419273.1|NDV07-14
gi|124482098|gb|EF221720.1|NDV06-058
gi|124482126|gb|EF221734.1|NDV06-072
gi|124482102|gb|EF221722.1|NDV06-060
gi|124482120|gb|EF221731.1|NDV06-069
2006/China/NDV06-059
gi|90568638|gb|DQ439903.1|NDV05-047
gi|90568636|gb|DQ439902.1|NDV05-046
2005/China/NDV05-011
XXXX/China/NDV07-23
XXXX/China__Guangxi/Gxq55
2005/China/NDV05-026
2005/China/NDV05-031
gi|49473632|gb|AY635815.1|Gxp40
gi|49473640|gb|AY635819.1|Gxt54
XXXX/China__Guangxi/11176

2375 :
2006/China/NDV06-062
VII_d/KJ525680.1/duck/China/Du/SD/LY/2009/2009
gi|459938247|gb|KC292514.1|F72
VII_d/KC292517.1/chicken/China/FH2/2010
gi|404553150|gb|JX284121.1|chicken/China/Yancheng/2012
VII_d/JQ013861.1/chicken/China/JS-07-11-Ch/2011
VII_d/KJ450979.1/chicken/China/chicken/ShanDong/024/2010/2010
VII_d/KC542900.1/chicken/China/Chicken/China/Liaoning/01/2008/2008
VII_d/FJ608349/chicken/China/LGQQ/Liaoning/08/2008
gi|124482018|gb|EF221680.1|NDV06-014
VII_d/KC542898.1/chicken/China/Chicken/China/Tianjin/02/2007/2007
VII_d/FJ480812/chicken/China/CK/CH/LN/4/06/2006
VII_d/FJ480810/chicken/China/CK/CH/LN/2/06/2006
gi|167378883|gb|EU419261.1|NDV07-02
XXXX/China/NDV07-49
gi|226347814|gb|FJ810434.1|NDV08-008
XXXX/China/NDV07-48
XXXX/China/NDV07-44

1750 :
gi|61814139|gb|AY860870.1|OS207
XXXX/Taiwan/TW-800/04
2005/Taiwan/TW-01/05
gi|68303952|gb|DQ074636.1|TW-799/04
2006/Taiwan/TW-04/06
gi|116518291|gb|DQ898522.1|TW-06-126A3
XXXX/Taiwan/TW-06-223
gi|66737303|gb|DQ054374.1|TW-206/04
XXXX/Taiwan/TW-817/04
gi|68303962|gb|DQ074641.1|TW-692/04
gi|116518373|gb|DQ898530.1|TW-03-332
2006/Taiwan/TW-09/06
2005/Taiwan/TW-02/05
2006/Taiwan/TW-10/06

1742 :
TW_156_99G_AF234031_Lin5d
XXXX/Taiwan/TW/99-C2
TW_1_98G_AF083963_Lin5d
gi|9798992|gb|AF234033.1|TW

1848 :
VII_b/DQ363530/chicken/China/Layer/Shandong/WHZ/03/2003
2003/China/chiken/Guangxi9
gi|109290367|gb|DQ485231.1|chicken/China/Guangxi11/2003
VII_b/FJ480801/chicken/China/CK/CH/JL/1/05/2005
XXXX/China/NDV03024
gi|90568644|gb|DQ439906.1|NDV05-050
gi|49473617|gb|AY635807.1|Gxc48
2002/China/NDV02-071
2002/China/NDV02-072

452 :
gi|261597241|gb|GQ901901.1|MB085/05
VIII/JX012096.2/Malaysia/AF2240-I/1960s
VIII/AF048763/chicken/Malaysia/AF2240/1960
SG-4H-65-G_AF136786_Lin3

850 :
XXXX/Germany/PDEPI94217/217
XXXX/XXXX/APMV1/pigeon/Japan/Gunma/2000
gi|44894558|gb|AY471768.1|PIEPI96349
gi|258547239|gb|GQ429292.1|AV324/96
VI_a/EU477188/Dove/USA_
2004/USA/TX3503
VI_a/EU477192/Eurasian_collared_dove/USA_
2007/USA/TX6306
VI_a/JN872170.1/pigeon/USA/Pigeon/Texas/5254-12/2010/2010
gi|186892373|gb|EU477191.1|Eurasian_collared_dove/US/TX3988/2004
gi|186892381|gb|EU477195.1|Eurasian_collared_dove/US/TX6295/2006
2007/USA/TX6338

947 :
VI_a/JX486554.1/pigeon/China/CH/LHLJ/110822/2011
2011/China/pi/CH/LHLJ/110813
2007/China/WX-10-07-Pi
gi|312201038|gb|HM748948.1|chicken/China/SD5/2008
XXXX/China/sms12
XXXX/China/Miangyang12505
VI_a/JX486555.1/pigeon/China/CH/LGD/110945/2011
2011/China/_CQ65

979 :
VI_a/JX244799.1/pigeon/China/Pigeon/China/105/08/2008
gi|254574562|gb|GQ281088.1|YZ-23-07-Pi
VI_a/GQ281085/pigeon/China/JS-35-07-Pi/2007
2007/China/JS-0703Pi

7 :
1987/USA
XXXX/Barbados/24
X/JN872171.1/turkey/USA/Turkey/Minnesota/17531-3/2010_/2010
2001/USA/mottled_duck/US_TX_/01-156/2001
X/FJ705468/mottled_duck/USA/mottled_duck/US

1044 :
gi|44894478|gb|AY471728.1|PAEPI00318
XXXX/Belgium/PBEPI98327/327
2007/Luxembourg/3821-1/2007
gi|44894494|gb|AY471736.1|PUKPI01421
gi|44894474|gb|AY471726.1|PUKPI00250
gi|44894476|gb|AY471727.1|PUKPI02429
XXXX/Ireland/PIEPI01363/363
UK693_03_DO_AV000693-03_Lin4
gi|44894526|gb|AY471752.1|PUKPI01383
gi|44894528|gb|AY471753.1|PUKPI01426
XXXX/United_Kingdom/PUKPI02435/435
gi|44894534|gb|AY471756.1|PUKPI02434
UK_101_07_scot_part_Lin4
XXXX/United_Kingdom/PUKPI02431/431

1787 :
gi|315064948|dbj|AB512610.1|TW
gi|315064946|dbj|AB512609.1|TW
gi|315064950|dbj|AB512611.1|TW
gi|290965258|dbj|AB512616.1|TW
gi|315064956|dbj|AB512617.1|TW
gi|290965254|dbj|AB512614.1|TW
gi|290965256|dbj|AB512615.1|TW

355 :
XXXX/China/BY
gi|148509157|gb|EF589135.1|strain_FW
2002/China/NDV02-032
XXXX/XXXX/WG
gi|76495587|gb|DQ217710.1|NDV03-045
gi|76495515|gb|DQ217674.1|NDV03-009
gi|374711695|gb|JN698890.1|strain_JS0920
2002/China/SBD02
XXXX/China/XXXX
CN-DB3-G_AF079322_Lin3
gi|218136437|gb|FJ436306.1|JS/1/02/Du
gi|538280842|gb|KC424430.1|spotted_dove/China/08
IX/AF458023/chicken/China/ZhJ-1/85/1985
IX/FJ436305/chicken/China/JS/1/97/Ch/1997
QSD_1_97-G_AF401999_Lin3
gi|3378191|gb|AF079172.1|

567 :
ET_583_09_015051_CK_Lin4
VI_j/KJ958914.1/chicken/Ethiopia/APMV-1/Ethiopia/13VIR3936-27/2012/2012
VI_j/KJ958913.1/chicken/Ethiopia/APMV-1/Ethiopia/13VIR3936-1/2012/2012
gi|456371626|gb|KC205477.1|2011_Ethiopia_ETH8755
ET_AV491-11_11-009765_WF_Lin4
ET_AV491-11_AVP-11-009771_CK_Lin4
ET_11-009771_CK_Lin4

1572 :
1996/Iran/MK13/75
XXXX/XXXX/AV_1220/97_4246/1NIPH97097
XXXX/XXXX/AV_1220/97_VF97-4291/1NIPH97041
gi|60651137|gb|AY928938.1|KND/45
gi|60651131|gb|AY928935.1|KND/3O
gi|60651135|gb|AY928937.1|KND/40
1999/Iran/KND/35
1998/Iran/KND/20
1_NI_CK_97068_283_97_708_Lin5
gi|22037222|gb|AF402133.1|BG-109/84
IT_1_2000G_AF293350_Lin5
RO_AV2515_07_21_HE_Lin5
XXXX/XXXX/AV_434/00_3013
2005/Kazakhstan/APMV-1/chicken/Almaty/64/00
gi|212383415|gb|FJ434384.1|APMV-1/chicken/Almaty/68/00
gi|83035008|gb|DQ289793.1|A-M
XXXX/XXXX/TR-7/97
gi|83035012|gb|DQ289795.1|C-1
gi|83035010|gb|DQ289794.1|A-C

260 :
gi|60658|emb|Z12110.1|Ulst
1967/Ireland/Uls/67
XXXX/XXXX/APMV/duck/07/07

1687 :
2004/China/NDV04-21
gi|167614387|gb|EU296499.1|TW
gi|116518447|gb|DQ898540.1|TW-84-486
gi|194245132|gb|EU604057.1|TW-99-175

2552 :
2006/China/NDV06-008
gi|124482014|gb|EF221678.1|NDV06-012
2006/China/NDV06-029
gi|124482056|gb|EF221699.1|NDV06-033
gi|490255703|gb|KC542897.1|Chicken/China/Tianjin/01/2007
2006/China/NDV06-001
2006/China/NDV06-027
gi|124482136|gb|EF221739.1|NDV06-078

2149 :
gi|86371010|gb|DQ363536.1|TJ05
VII_d/FJ608334/chicken/China/WN/Tianin/03/2003
VII_d/DQ363535/chicken/China/Layer/Shandong/SF/02/2002
2003/China/JS06a

1418 :
gi|515794320|emb|HF969189.1|chicken/Nigeria/NIE08-1366/2008
gi|390609529|gb|JQ039394.1|chicken/Nigeria/VRD07-410/2007
XVII/JQ039392.1/Nigeria/avian/Nigeria/VRD07-733/2007/2007
XVII_a/FJ772478.1/chicken/Cameroon/chicken/3490-149/Cameroon/2008/2008
gi|259879791|gb|FJ772478.1|chicken-3490-149-Cameroon-2008
gi|259879795|gb|FJ772484.1|chicken-3490-147-Cameroon-2008
XVII_a/HF969207.1/Nigeria/avian/Nigeria/NIE09-2167/2009/2009
XVII_a/HF969148.1/chicken/Nigeria/chicken/Nigeria/NIE09-2034/2009/2009
XVII_a/JQ039393.1/chicken/Nigeria/chicken/Nigeria/VRD07-141/2007/2007
XVII_a/HF969152.1/chicken/Nigeria/chicken/Nigeria/NIE09-2072/2009/2009
gi|515794235|emb|HF969152.1|chicken/Nigeria/NIE09-2072/2009
gi|515794243|emb|HF969156.1|chicken/Nigeria/NIE09-2128/2009
gi|515794442|emb|HF969235.1|chicken/Nigeria/NIE09-2029/2009
gi|515794365|emb|HF969204.1|chicken/Nigeria/NIE09-2028/2009
XVII_a/KC568208.1/chicken/Nigeria/NG-710/GM.PLBM.10-12T/2009
gi|259879789|gb|FJ772475.1|chicken-2602-605-Niger-2008
XVII_a/FJ772481/chicken/Niger/chicken/2602-625/Niger/2008/2008
gi|515794424|emb|HF969226.1|chicken/Nigeria/NIE10-305/2011
XVII_a/HF969215.1/chicken/Nigeria/chicken/Nigeria/NIE10-335/2011/2011
gi|515794426|emb|HF969227.1|chicken/Nigeria/NIE10-309/2011
gi|515794380|emb|HF969209.1|chicken/Nigeria/NIE10-123/2011
gi|515794267|emb|HF969168.1|chicken/Nigeria/NIE10-124/2011

2174 :
KW_AV499_08_10_CK_Lin5d
KW_AV499_08_9_CK_Lin5d
KW_AV499_08_11_CK_Lin5d
KW_499_08_11_CK_2ND_Lin5d
KW_AV499_08_7_CK_Lin5d
KW_499_08_1_CK_2ND_Lin5d
KW_499_08_26_CK_2ND_Lin5d
KW_499_08_14_CK_2ND_Lin5d
KW_AV561_12_AV12_014579_CK_Lin5d
KW_12_014577_CK_Lin5d
KW_12_014578_CK_Lin5d
KW_12_014572_CK_AV561_12_Lin5d

1974 :
VII_b/KJ525697.1/chicken/China/Ch/SD/LY2/2008/2008
2006/China/HN-7-06-CH
VII_b/JX244790.1/pigeon/China/Pigeon/China/ZQ/17/00/2000
VII_b/JX244791.1/pigeon/China/Pigeon/China/SD/54/06/2006

1442 :
NP_AV206_10_AVP10_009589_CK_Lin5
NP_14-018752_OS
NP_AV679_13_AVP_13_021880_CK_Lin5
NP_AV679_13_AV_13_021821_BR_Lin5

1488 :
XXXX/XXXX/ZA71/B/94
gi|259879801|gb|FJ772494.1|chicken-4132-20-Burundi-2008
gi|259879799|gb|FJ772491.1|chicken-4132-12-Burundi-2008
XXXX/XXXX/ZA-25/93
C_ZA_CK_95072_Lin5
XXXX/XXXX/ZA-26/93
XIII_a/JN942034.1/ostrich/South_Africa/Ostrich/South_Africa/45445-3/1995_/1995
gi|22653340|gb|AF532139.1|ZA108/L/94
gi|32395234|gb|AY175761.1|-PTTY91146
ZA_35_95G_AF136774_Lin5
gi|22653344|gb|AF532141.1|ZA110/X/94
gi|22758940|gb|AF532749.1|ZA52/BB/94
XXXX/XXXX/ZA60/B/94
gi|28192805|gb|AY210507.1|ZA148/UP/98
gi|22653350|gb|AF532144.1|ZA170/B/95
XXXX/XXXX/ZA-32/93
J_PT_CK_94045_av549_94_Lin5
PT_AV165_94_5802_PG_Lin5
XXXX/XXXX/AV_804/93_stremzi/FBG93149
XXXX/XXXX/AV_851/95_315995/JPTBR95104
gi|32395194|gb|AY175741.1|JPTCK96082
XXXX/XXXX/ZA983/UP/96
gi|28192799|gb|AY210504.1|ZA842/UP/97
XXXX/XXXX/ZA825/UP/97
XXXX/XXXX/ZA928/UP/97
gi|28192801|gb|AY210505.1|ZA751/UP/98
gi|28192779|gb|AY210494.1|ZA839/UP/97
gi|28192797|gb|AY210503.1|ZA3291/Klpmts/99
gi|28192813|gb|AY210511.1|ZA444/B/98
gi|28192807|gb|AY210508.1|ZA704/UP/98
gi|22758922|gb|AF532740.1|ZA335/B/99
XXXX/XXXX/ZA1320/UP/99
gi|28192793|gb|AY210501.1|ZA1521/UP/99
gi|22653364|gb|AF532151.1|ZA309/B/99
XXXX/XXXX/ZA296/L/98
gi|28192815|gb|AY210512.1|ZA7381/98
XXXX/XXXX/ZA7351/Rvsdl/98
gi|22653354|gb|AF532146.1|ZA256/X/97
gi|28192803|gb|AY210506.1|ZA874/UP/98
gi|28192791|gb|AY210500.1|ZA549/UP/99

527 :
gi|148509161|gb|EF589137.1|GZ
B_HK_PI_89172_Lin4
2010/China/_crested_ibis/China/Shaanxi10/2010
gi|445068921|gb|JX855038.1|ostrich/China/Shaanxi/2006
VI_c/KC853020.1/crested_ibis/China/NDV/crested_ibis/China/Shaanxi10/2010/2010

2543 :
gi|154818987|gb|EU044795.1|JS/2/05/Go
2005/China/NDV05-025
gi|291170627|gb|GU591923.1|NDV09-028

2370 :
gi|76495513|gb|DQ217673.1|NDV03-008
VII_d/GQ255639/goose/China/GPMV-SH/2009
gi|511774836|gb|KC750150.1|Duck/CH/GD/SD-06II
VII_d/AF431744.3/goose/China/ZJ1/2000

999 :
TR_AV826_08_PI_Lin4
gi|523500618|gb|KC915210.1|NDV/pigeon/Macedonia/962/2008
gi|523500612|gb|KC915207.1|NDV/pigeon/Macedonia/1503/2007
gi|523500622|gb|KC915212.1|NDV/pigeon/Macedonia/2810/2010
CY_AV2238_08_38178_PI_Lin4
CY_AV919_07_Lin4
CY_AV984_07_Lin4
TR_AV826_08_5_PI_Lin4
GR_14-010226_PI
gi|523500624|gb|KC915213.1|NDV/pigeon/Macedonia/233/2011
TR_AV826_08_M_PI_Lin4
gi|523500620|gb|KC915211.1|NDV/chicken/Macedonia/231/2010
2008/USA/Rosella/Belgium/4940/08
UK1271_09_PI_AV001271-04_Lin4

2467 :
2008/China/NDV08-027
RO_AV2515_07_20_HE_Lin5d
RO_AV2515_07_11_HE_Lin5d
RO_AV2515_07_16_HE_Lin5d
BG_AV193_07_2_Lin5d
gi|281429795|gb|GU227739.1|NDV/Serbia/1038/2007
VII_d/GU227738/dove/Serbia/NDV/Serbia/749/2007/2007
BG_AV470_09_011809_CK_Lin5d
RO_AV233_09_HEN_2_Lin5d
BG_av6242_06_4_Lin5d
gi|523500642|gb|KC915222.1|NDV/chicken/Macedonia/070/2005
BG_AV2437_07_1_Lin5d
BG_av7088_06_B2_Lin5d
BG_AV1069_07_1_CK_Lin5d
VII_d/KJ914673.1/chicken/Ukraine/Chicken/Ivano-Frankivsk/58/2007/2007
2006/Ukraine/NDV/Ch/Ivano-Frankivsk/01/07
RO_AV2515_07_1_HE_Lin5d
RO_AV2515_07_6_HE_Lin5d
gi|523500640|gb|KC915221.1|NDV/chicken/Macedonia/069/2005
gi|523500646|gb|KC915224.1|NDV/starling/Macedonia/068/2006
gi|523500648|gb|KC915225.1|NDV/chicken/Macedonia/071/2006
BG_AV1069_07_1KOV_CK_Lin5d
RO_AV2515_07_15_HE_Lin5d
GR_1484_04_3_Lin5d
GR_av484_05_1_BR_Lin5d
GR_av2569_07_CK_Lin5d
GR_av1452_05_1_Lin5d
RO_12_034251_CK_1_Lin5d
RO_AV2515_07_2_HE_Lin5d
HU_av6604_06_1_CK_Lin5d
RO_15-003876_CK
BG_16-006325_CK
RO_15-054070_CK
RO_15-041619_CK
BG_16-012086_CK
RO_2515_07_19_CK_Lin5d
BG_AV2437_07_12_Lin5d
RO_AV770_08_694_HE_Lin5d
AL_09_036251_NA_AV1335-09_Lin5d
BG_AV470_09_AVP011818_CK_Lin5d
BG_av470_09_avp011819_CK_Lin5d
RO_AV152_09_004860_PA_Lin5d
av1267_08_2323_2324-26.05_Lin5d

1642 :
RI_3_88G_AF001135_Lin5
B_18_94G_AF001122_Lin5
gi|32395210|gb|AY175749.1|NESCK94143
XXXX/XXXX/B-14/93
N_CH_HE_94139_av295_94_9231_94_Lin5
gi|2822217|gb|AF001113.1|D-16/93
gi|374252473|gb|JN986837.1|APMV-1/chicken/NL/152608/93
B_9_93_G_AF001120_Lin5
XXXX/XXXX/AV_1041/94_R1-93/NDECK94147
D_23_95G_AF001115_Lin5
XXXX/XXXX/D-83/95
D_82_94G_AF001117_Lin5
XXXX/XXXX/D-85/96
DE_143_95G_AF109881_Lin5
B_19_95G_AF001123_Lin5

2451 :
2006/China/NDV06-009
2005/China/NDV05-007
gi|148534703|gb|EF579732.1|Chicken/Shandong/DG/02

880 :
XXXX/_South_Africa/DOZA06N589
gi|124264252|gb|EF030954.1|DOZA05N247
XXXX/XXXX/ZA469/PPMV1/02

889 :
VI_a/JX901317.1/pigeon/USA/APMV1/Pigeon/USA/0201/2002/2002
2000/USA/RI/RI166
2000/USA/Chukar/New_Jersey/32429-5/2000
gi|114479588|gb|DQ904250.1|NDV/pigeon/QC/SHY-01922/2006
VI_a/JN872190.1/pigeon/USA/Pigeon/South_Dakota/486839/2007/2007
VI_a/JX901374.1/pigeon/USA/APMV1/Pigeon/OH/USA/0903/2009/2009
2008/USA/Pigeon/Minnesota/77/2008
VI_a/JX901327.1/pigeon/USA/APMV1/Pigeon/PA/USA/0605/2006/2006
UKQ_
VI_a/JX901330.1/pigeon/USA/APMV1/Pigeon/PA/USA/0702/2007/2007
VI_a/JX901362.1/pigeon/USA/APMV1/Pigeon/PA/USA/0805/2008/2008
VI_a/JX901347.1/pigeon/USA/APMV1/Pigeon/NY/USA/0717/2007/2007

2458 :
2002/China/NDV02-048
2006/China/NDV06-002
gi|76495583|gb|DQ217708.1|NDV03-043
VII_d/FJ608345.1/chicken/China/DFZD/Jilin/08/2008
2001/China/GM01
2007/China/ZSM/Hebei/07
2002/China/NDV02-449
gi|76495631|gb|DQ198269.1|NDV02-033
gi|76495697|gb|DQ198302.1|NDV02-451

883 :
XXXX/_South_Africa/PIZA06N642
XXXX/_South_Africa/DOZA05N539
XXXX/_South_Africa/DOZA06N621
gi|124264254|gb|EF030955.1|DOZA05N417
XXXX/_South_Africa/DOZA06N549
gi|124264272|gb|EF030964.1|PIZA06N635

1699 :
gi|76495561|gb|DQ217697.1|NDV03-032
gi|76495603|gb|DQ217718.1|NDV03-053
VII_f/DQ227246/goose/China/Goose/Jiangsu/JS02/99/1999
gi|77994267|gb|DQ227254.1|SWS03
gi|112363469|gb|DQ858357.1|YG03
XXXX/Czech_Republic/AV_677/96_4202/96/1CZCK96048

1347 :
XIV_a/JN872165.1/chicken/Nigeria/Chicken/Niger/VIR_1377-7/2006_/2006
2006/Niger
XIV_a/HF969193.1/chicken/Nigeria/chicken/Nigeria/NIE08-2150/2009/2009
XIV_a/HF969139.1/chicken/Nigeria/chicken/Nigeria/NIE08-2280/2009/2009
gi|515794172|emb|HF969131.1|chicken/Nigeria/NIE08-2117/2009
XIV_a/HF969136.1/chicken/Nigeria/chicken/Nigeria/NIE08-2194/2009/2009

492 :
XXXX/XXXX/AV_1573/92_628/92/BAECK92084
B_AE_CK_95088_Lin4
gi|32395044|gb|AY175666.1|BAEOS98034
gi|32395042|gb|AY175665.1|BAEFA99142
XXXX/XXXX/AV_1017/99_237/BAEPI99109
gi|32395070|gb|AY175679.1|BPEBR95144

644 :
P_UK_PI_83279_884-83_Lin4
XXXX/Italy/PITPI84354/354
XXXX/XXXX/APMV1/pigeon/Japan/Toyama/84
gi|44894720|gb|AY471849.1|PBEPI84352
gi|33114940|gb|AY150112.1|EG-6/87
XXXX/XXXX/MT-217/82
XXXX/United_Kingdom/PUKPI86239/239
XXXX/XXXX/AV_1528/89/PUKPI89124
gi|44894716|gb|AY471847.1|PUKPI84259
gi|227344932|gb|FJ865434.1|Pigeon_paramyxovirus-1_strain_s-1
XXXX/Hong_Kong/PHKPI86358/358
gi|44894718|gb|AY471848.1|PUKPI84260
gi|18700340|dbj|AB070392.1|APMV1/pigeon/Japan/Ibaraki/84
gi|18700370|dbj|AB070407.1|APMV1/pigeon/Japan/Tochigi/86
gi|18700374|dbj|AB070409.1|APMV1/pigeon/Japan/Niigata/88
XXXX/XXXX/APMV1/pigeon/Japan/Tokachi/91
gi|18700380|dbj|AB070412.1|APMV1/pigeon/Japan/Kushiro/91
XXXX/XXXX/APMV1/pigeon/Japan/Kumamoto/95
gi|18700388|dbj|AB070416.1|APMV1/pigeonJapan/Ehime/93

1461 :
XIII_a/JQ267584.1/chicken/Iran/chicken/Iran-EMM/2/2008/2008
XIII_a/JQ267585.1/chicken/Iran/chicken/Iran-EMM/1/2008/2008
XXXX/Iran/chicken/Iran-EMM/3/2009
2011/Iran/chicken/Iran-EMM/5/2011
XIII_a/JQ267582.1/chicken/Iran/chicken/Iran-EMM/4/2010/2010
gi|380293650|gb|JQ267579.1|chicken/Iran-EMM/7/2011
XIII_a/JQ267580.1/chicken/Iran/chicken/Iran-EMM/6/2011/2011

1734 :
VII_e/JX193075.1/chicken/China/chicken/China/Guangxi14/2002/2002
gi|76495667|gb|DQ198287.1|NDV02-068
gi|194245134|gb|EU604058.1|TW-99-178
VII_e/AY325799/YN-C1
2000/China/Guangxi2
VII_e/DQ067447/chicken/China/GX1/00/2000

1985 :
2008/China/XZ-7-08-Ch
gi|253740350|gb|GQ245808.1|XY-31-07-Ch
VII_b/GQ245798/chicken/China/CZ-10-08-Ch/2008
2008/China/XY-11-08-Ch
gi|291170643|gb|GU591931.1|NDV09-036
XXXX/China/NDV07-55
gi|226347868|gb|FJ810461.1|NDV08-036

2106 :
gi|50511877|gb|AY630434.1|Kr-401/00
gi|157674508|gb|EU140949.1|SNU-5070
2005/South_Korea/SNU5065
XXXX/South_Korea/Kr-188/02
gi|170672285|gb|EU547767.1|APMV/chicken/066/03
gi|156599850|gb|EF647977.1|SNU2049
gi|156599860|gb|EF647982.1|SNU2124
2002/South_Korea/SNU2084
gi|146261085|gb|EF543781.1|SNU2063
2000/South_Korea/SNU0202
2000/South_Korea/SNU-0202
gi|156599844|gb|EF647974.1|SNU0169
XXXX/South_Korea/Kr-011/00
XXXX/South_Korea/Kr-009/00
gi|146261045|gb|EF543761.1|SNU0079
gi|50511875|gb|AY630433.1|Kr-400/00
gi|50511887|gb|AY648304.1|Kr-029/00
gi|146261063|gb|EF543770.1|SNU0129
2001/South_Korea/SNU1024
XXXX/South_Korea/Kr-352/00
gi|50511879|gb|AY630435.1|Kr-420/00
gi|170672259|gb|EU547754.1|APMV/duck/04/06
gi|146261105|gb|EF543791.1|SNU5047
gi|156599874|gb|EF647989.1|SNU5081
2005/South_Korea/SNU5063
XXXX/South_Korea/KBNP-4152
VII_d/EU140948/South_Korea/KBNP-4152/2004
XXXX/South_Korea/KBNP-C4152R2L

2239 :
TR_AV1268_07_12_CK_Lin5d
BG_112_05_Lin5d
TR_AV601_12_AVP12_015966_15_CK_Lin5d
TR_AV826_08_11_CK_Lin5d

2287 :
VII_d/GQ245781/chicken/China/CZ-8-06-Ch/2008
VII_d/FJ480818/chicken/China/CK/CH/NX/5/06/2006
VII_d/EF211809/goose/China/JS/3/05/Go/2005
XXXX/China/LS-1
VII_d/EF579734/goose/China/Goose/Guangdong/GZ/06/2006
2006/China/NDV06-005
2004/China/NDV04-15
gi|124482144|gb|EF221743.1|NDV06-082
2006/China/NDV06-017
gi|124482038|gb|EF221690.1|NDV06-024
2006/China/NDV06-025
gi|124482010|gb|EF221676.1|NDV06-010
2005/China/NDV05-024
XXXX/China/NDV07-13
2008/China/NDV08-020
gi|124482132|gb|EF221737.1|NDV06-076
2005/China/NDV05-057
2003/China/NDV03-054
gi|90568668|gb|DQ439918.1|NDV05-063
gi|167378911|gb|EU419275.1|NDV07-16
gi|76495557|gb|DQ217695.1|NDV03-030

683 :
XXXX/XXXX/DE-380/84
XXXX/XXXX/HR-267/84
GB_1168-84_AF109885_PilotLin4b
XXXX/XXXX/NO-1/85
XXXX/United_Kingdom/PUKPI89226/226
gi|44894692|gb|AY471835.1|PUKPI94401
gi|33114928|gb|AY150106.1|DE-356/86
XXXX/XXXX/HU-58/83
XXXX/XXXX/DE-33_MU_/87
XXXX/XXXX/HU-342/86
XXXX/United_Kingdom/PUKPI86247/247
XXXX/United_Kingdom/PUKPI88234/234
gi|33114908|gb|AY150096.1|DE-302/83

1706 :
gi|76495645|gb|DQ198276.1|NDV02-047
2003/China/NDV03-018
VII_f/GQ338310/pigeon/China/ND/03/044/2003
2003/China/NDV03-044
gi|14669154|gb|AY028995.1|CH-A7/96
2000/China/JS-3/00
XXXX/China/LZ-NDV

176 :
I_b/HM125898.1/duck/China/WDK/Jiangxi/7793/2004/2004
2008/China/D_ZJ_12_04
1997/China/D_ZJ_8_04
I_b/KC894391.1/mallard/China/mallard/Jilin/2011/2011
I_b/KM885166.1/duck/China/Du/CH/LAH/224/2011/2011
I_b/KC503411.1/northern_pintail/Japan/northernpintail/Japan/10EY0020/2010/2010
I_b/KJ920203.1/mallard/Japan/NDV/Yakutiya/mallard/852/2011/2011

759 :
XXXX/XXXX/DE-47/87
XXXX/United_Kingdom/PUKPI88286/286
P_UK_PI_84125_av2145-84_Lin4
gi|44894606|gb|AY471792.1|PUKPI90218
gi|44894602|gb|AY471790.1|PUKPI89228
XXXX/United_Kingdom/PUKPI89283/283

2242 :
XXXX/Turkey/K-2
IL_av298-08_735_BR_Lin5d
2011/Israel/IS_875/08
VII_d/KF792023.1/turkey/Israel/Turkey/Re-Israel/2009/832_497/2009
IL_av298_08_326_CK_Lin5d
IL_298_08_399_LY_Lin5d
IL_av298_08_393_LY_Lin5d
IL_298_08_611_BR_Lin5d
IL_298_08_394_BR_Lin5d
IL_av1067_05_223_PI_Lin5d
IL_289_08_564_BR_Lin5d
IL_av6308_06_1002_Lin5d
IL_298_08_377_Lin5d
2011/Israel/IS_903/08
IL_av298_08_872_Lin5d
IL_11_006758_CK_AV390_11_Lin5
IL_av184_10_008452_Lin5d
IL_298_08_276_BR_Lin5d
IL_av298_08_876_BR_Lin5d
IL_av6308_06_132_Lin5d
IL_av6308_06_81_Lin5d
IL_298_08_190_LY_Lin5d
IL_av688_07_1061_Lin5d
IL_av6308_06_145_Lin5d
IL_av6308_06_1_Lin5d
IL_289_08_233_TY_Lin5d

1414 :
XVII_a/FJ772449.1/Nigeria/avian/913-33/Nigeria/2006_/2006
XVII_a/HF969185.1/chicken/Ivory_Coast/chicken/Ivory_Coast/CIV08-104/2007/2007
XVII_a/FJ772463.1/chicken/Burkina_Faso/_chicken/2415-580/Burkina_Faso/2008_/2008
gi|515794305|emb|HF969184.1|chicken/Ivory_Coast/CIV08-103/2007
XVII_a/JF966385.1/chicken/Mali/chicken/2008/Mali/ML007/08/2008

510 :
gi|553726975|dbj|AB853928.2|APMV1/chicken/Japan/Ibaraki/SM87/1987
1997/China/ZhJ-3/97b
XXXX/XXXX/Z32
VI_c/AF458016/chicken/China/ZhJ-2/86/1986

1829 :
CN_OS_303_Lin5d
XXXX/XXXX/ShD-1/99
gi|18042238|gb|AF456444.1|JS/7/01/Go
gi|76495541|gb|DQ217687.1|NDV03-022
gi|218511421|gb|FJ480798.1|CK/CH/HN/1/04
2002/China/Guangxi7
gi|237861385|gb|FJ938173.1|sparrow/Guangxi/NN7/06
2006/China/NDV06-050
2002/China/Guangxi6
gi|90568576|gb|DQ439872.1|NDV05-015

541 :
XXXX/XXXX/ZC94
gi|430824672|gb|KC143151.1|NDV03-007
VI_c/AF458021/chicken/China/JX-1/94/1994

600 :
gi|33115004|gb|AY150144.1|HR-65/95
XXXX/XXXX/HR-3/02
XXXX/XXXX/HR-155/01
XXXX/XXXX/HR-111/01

1107 :
NO_1455_03_PI_Lin4
1984/Slovakia/Vh_357-06
DE_1294_07_R542_07_PI_Lin4
1984/Slovakia/Vh_448-06

2396 :
2002/China/NDV02-075
gi|76495595|gb|DQ217714.1|NDV03-049
gi|12958714|gb|AF322052.1|hf3
2003/China/NDV03-036

700 :
gi|44894666|gb|AY471822.1|PUKPI88290
gi|44894670|gb|AY471824.1|PUKPI86244
gi|44894518|gb|AY471748.1|PUKPI86240
VI_b/JN967787.1/pigeon/USA/Pigeon/Illinois/37397/1987_/1987
gi|44894668|gb|AY471823.1|PUKPI88238
gi|44894654|gb|AY471816.1|PUKPI93396
1996/United_Kingdom/PUKPH96441
gi|44894664|gb|AY471821.1|PUKPI88284
gi|44894672|gb|AY471825.1|PUKPI90275
gi|32395250|gb|AY175769.1|PUKPI90126
XXXX/United_Kingdom/PUKPI90214/214

173 :
2007/XXXX/APMV/wild_duck/SH37/06
I_b/JQ966082.1/mallard/South_Korea/KR/WB/KU146/08/2008
I_b/JQ966083.1/wild_bird/South_Korea/KR/WB/KU164/09/2009

2143 :
shx_6_99_G_AF378247_Lin5d
2000/China/WF00G
gi|90568706|gb|DQ439937.1|NDV05-085
gi|409910457|gb|FJ754273.2|WF00G
VII_d/FJ754272.2/duck/China/WF00D/2000
VII_d/HM188393.1/duck/China/SDBZH/2007

43 :
G_NP-95120_av400-95_Lin2
II/DQ682446.1/goose/China/SD/6/04/Go/2004
II/FJ386395.2/chicken/China/NDV04/2008
II/KJ769262.1/peacock/India/Peacock12/2012
gi|161110504|gb|EU167540.1|SRZ03
II/FJ386394.2/chicken/China/NDV03/2008
gi|32395094|gb|AY175691.1|DINDK94021
gi|91771553|gb|DQ452298.1|R2B
gi|255709963|gb|FJ939313.1|NDV/Chicken/Egypt/1/2005

1090 :
XXXX/Ireland/PIEPI00339/339
gi|44894508|gb|AY471743.1|PIEPI01387
gi|37594489|gb|AY190518.1|HU-1/02
gi|44894498|gb|AY471738.1|PDKPI00316
XXXX/XXXX/SE-9/00
XXXX/XXXX/DE-1266/01
XXXX/XXXX/SE-7/00
gi|44894500|gb|AY471739.1|PDKPI01322
gi|33115032|gb|AY150158.1|SE-8/00
gi|33115028|gb|AY150156.1|SE-6/00

1817 :
gi|398330288|gb|JN618348.1|XJ-2/97
gi|18700422|dbj|AB070433.1|APMV1/chicken/Japan/Chiba/2000
XXXX/XXXX/APMV1/chicken/Japan/Chiba-222/99
gi|20152945|gb|AF458011.1|XJ-2/97
gi|76495601|gb|DQ217717.1|NDV03-052

1319 :
2009/Mali/ML008
XVIII_a/JF966388.1/chicken/Mali/chicken/2008/Mali/ML225/08/2008
gi|440659023|gb|JX518885.1|2010_Mali_ML57051T
gi|355467773|gb|JF966389.1|2007_Mali_ML038_07
XVIII_a/FJ772455/Mauritania/avian/1532/14/Mauritania/2006/2006
QUK_AV269_05_EO_Lin5
gi|515794302|emb|HF969183.1|chicken/Ivory_Coast/CIV08-044/2007
gi|374256141|gb|JN872157.1|Green_Wood_Hoope/Eastern_Hemisphere/5801-22/10

1677 :
gi|18700366|dbj|AB070405.1|APMV1/chicken/Japan/Wakayama/85
XXXX/XXXX/APMV1/pheasant/Japan/Gunma/85
gi|50511833|gb|AY630412.1|Kr-D/84
XXXX/XXXX/APMV1/chicken/Japan/Chiba/86
XXXX/XXXX/APMV1/chicken/Japan/Chiba/87
gi|18700378|dbj|AB070411.1|APMV1/chicken/Japan/Nara/89

2213 :
RO_AV2515_07_7_HE_Lin5d
RO_AV2515_07_5_HE_Lin5d
RO_AV2515_07_4_HE_Lin5d
RO_AV2515_07_3_HE_Lin5d

1598 :
XII/KR732614.1/peacock/Peru/NDV/peacock/Peru/2011/2011
2008/Peru
XII/KJ865696.1/chicken/Colombia/chicken/Colombia/1326-13286/2009/2009
XII/KJ865695.1/chicken/Colombia/chicken/Colombia/1326-13285/2009/2009

14 :
1986/USA/OH/mallard/US_OH_
2004/USA/mallard/US_MD_/04-735/2004
2000/USA/MN/mallard/US_MN_/MN00-39
1999/USA/mallard/US_MN_/99-397/1999
1999/USA/mallard/US_MN_/99-369/1999
1999/USA/mallard/US_MN_/99-376/1999
2001/USA/mallard/US_MD_/01-612/2001
gi|156707580|gb|EF564972.1|mallard/US
X/FJ705465/mallard/USA/mallard/US
gi|156707622|gb|EF564993.1|mallard/US
gi|156707674|gb|EF565019.1|mallard/US
gi|156707544|gb|EF564954.1|mallard/US
gi|156707542|gb|EF564953.1|mallard/US
gi|254847469|gb|FJ705467.1|mallard/US
1999/USA/northern_pintail/US_Mn_/99-442/1999
gi|156707684|gb|EF565024.1|mallard/US
gi|254847463|gb|FJ705464.1|mallard/US

1330 :
XVIII_b/HF969218.1/chicken/Ivory_Coast/chicken/Ivory_Coast/CIV08-042/2007/2007
XVIII_b/HF969126.1/duck/Ivory_Coast/duck/Ivory_Coast/CIV08-062/2006/2006
gi|549436774|emb|HG326600.1|village_weaver/Ivory_Coast/CIV08-032/2006
XVIII_b/JN942101.1/finch/EH/Finch/Eastern_Hemisphere/1409-12/2008_/2008

983 :
2003/China/P4
VI_a/JX244798.1/pigeon/China/Pigeon/China/104/08/2008
gi|402229743|gb|JX244789.1|Pigeon/China/JM/11/00
VI_a/HM625835.1/duck/China/duck/China/SS/2008/2008

2517 :
VII_d/AF364835/fowl/China/Ch/98-3/1998
CH_99_G_AF358787_Lin5d
Ch_2000_G_AF358788_Lin5d
VII_d/EU583503/chicken/China/Hebei/China/2004_/2004

378 :
gi|154819001|gb|EU044802.1|JS/9/05/Go
gi|109631563|gb|DQ485259.1|chicken/China/Guangxi5/2000
2003/China/NDV03-024
gi|124482096|gb|EF221719.1|NDV06-057
Georgia_12_Lin3
32344825_AY117021_Lin3
III/FJ430159/chicken/China/JS/7/05/2005
gi|218511441|gb|FJ480808.1|CK/CH/JS/1/04
gi|32344827|gb|AY117022.1|Muktesvak
gi|32344829|gb|AY117023.1|TB-Mukteswar
gi|290918495|gb|GU182327.1|chicken/SPVC/Karachi/NDV/1/1974
2005/China/JS/0905
2005/China/JS/205
1940s/India/Mukteswar
XXXX/China/JS/7/05/Ch
18699026_AF224503_Lin3

866 :
gi|44894544|gb|AY471761.1|PDKPI93202
gi|44894540|gb|AY471759.1|PATPI95295
gi|44894538|gb|AY471758.1|PUKPI90213
XXXX/XXXX/ES-3/92
gi|44894542|gb|AY471760.1|PATPI98206
2003/USA/Pigeon/Nevada/241851/2003
VI_a/JX901342.1/pigeon/USA/APMV1/Pigeon/MN/USA/0713/2007/2007

873 :
gi|44894546|gb|AY471762.1|PDEPI94409
XXXX/Italy/PITPI99232/232
2000/Italy/dove/Italy/2736/00
2000/Italy/2736

2185 :
SA_288_04_J_Lin5d
SA_1417_02_B_Lin5d
SA_1372_02_A_Lin5d
JO_203_04_10_Lin5d
SA_AV139_05_Lin5d
AE_390_04_501_FA_Lin5d
KW_AV561_12_AV12_014586_CK_Lin5d
KW_AV561_12_AV12_014589_CK_Lin5d
AE
SA_1415_05_446_Lin5d
LI_AV6165_06_5_Lin5d
IQ_av1507_08_ek1_13_BR_Lin5d
IQ_av1507_08_AVP22314_CK_SKI_1_Lin5d
SA_1415_05_473_Lin5d
IQ_307_06_3_Lin5d
IQ_307_06_12_Lin5d
SA_1400_04_Lin5d
IQ_307_06_11_Lin5d
IQ_307_06_21_Lin5d

183 :
I_b/KC503447.1/Amer_green-wingedteal/USA/American_green-wingedteal/AK/44493-444/2009/2009
I_b/KC503422.1/spectacled_eider/USA/spectacled_eider/AK/44332-723/2007/2007
I_b/KC503453.1/Amer_green-wingedteal/USA/American_green-wingedteal/AK/44493-716/2009/2009

1395 :
XVII_a/FJ772486.1/Nigeria/_avian/3724-6/Nigeria/2008_/2008
XVII_a/KC568204.1/pigeon/Nigeria/NG-688/KT.MSH.15C/2009
gi|259879785|gb|FJ772469.1|chicken-2602-348-Niger-2008
XVII_a/FJ772472.1/chicken/Niger/_chicken/2602-468/Niger/2008_/2008
gi|515794338|emb|HF969195.1|chicken/Nigeria/NIE08-2247/2009
XVII_a/HF969197.1/chicken/Nigeria/chicken/Nigeria/NIE08-2267/2009/2009
XVII_a/HF969140.1/chicken/Nigeria/chicken/Nigeria/NIE08-2340/2009/2009
gi|515794436|emb|HF969232.1|chicken/Nigeria/NIE08-2223/2009
XVII_a/HF969135.1/chicken/Nigeria/chicken/Nigeria/NIE08-2187/2009/2009
gi|515794329|emb|HF969192.1|chicken/Nigeria/NIE08-2119/2009
gi|444436770|gb|JX546244.1|NDV/chicken/Benin/376GT/2009
gi|444436768|gb|JX546243.1|NDV/chicken/Benin/373GC/2009
gi|515794326|emb|HF969191.1|chicken/Nigeria/NIE08-2042/2009
gi|515794434|emb|HF969231.1|chicken/Nigeria/NIE08-2219/2009
gi|515794432|emb|HF969230.1|chicken/Nigeria/NIE08-2200/2009
gi|515794194|emb|HF969138.1|chicken/Nigeria/NIE08-2224/2009

1746 :
tw_165_99G_AF326523_Lin5d
tw_174_99G_AF326524_Lin5d
gi|13936731|gb|AF326525.1|TW
gi|13936725|gb|AF326522.1|TW/99-156A

54 :
1948/USA/APMV-1U.S.TX
II/FJ969393.1/chicken/Egypt/NDV/Chicken/Egypt/2/2006/2006
gi|22037166|gb|AF402105.1|BG-110/68
gi|22037194|gb|AF402119.1|BG-24/75

2097 :
XXXX/XXXX/ZA331/B/99
XXXX/XXXX/ZA378/F/00
gi|22653362|gb|AF532150.1|ZA308/B/99
ZA_P_08_038182_AV2236_08_Lin5d
BW_av8242_06_2_Lin5d
VII_d/KF442615.1/chicken/South_Africa/chicken/South_Africa/08100426/2008/2008
gi|374252480|gb|JN986838.1|APMV-1/chicken/ZA/AL495/04
BW_av8242_06_8_Lin5d
BW_av8242_06_1_Lin5d

1233 :
SD_AV7523_06_1_CK_Lin3
SD_AV7523_06_CK2spleen1_Lin3
SD_7523_06_11_CK_Lin3
SD_AV7523_06_3_CK_Lin3

626 :
VI_g/JF824032.1/pigeon/Russia/Pi/Rus/Vladimir/687/05/2005
gi|381396322|gb|JF824045.1|Pi/Rus/Vladimir/0044/08
gi|381396292|gb|JF824030.1|Pi/Rus/Nizhny_Novgorod/668/05
gi|381396320|gb|JF824044.1|Pi/Rus/Archangelsk/0858/07
gi|381396336|gb|JF824052.1|Pi/Rus/Tver/0067/08

1783 :
gi|290965250|dbj|AB512607.1|TW
gi|290965252|dbj|AB512608.1|TW
gi|315064954|dbj|AB512613.1|TW
gi|290965246|dbj|AB512605.1|TW

1807 :
gi|239912233|gb|FJ455443.1|APMV-1/chicken/Bishkek/1024/05
1999/China/NA1
VII_e/FJ480822/goose/China/Go/CH/HLJ/1/06/2006
VII_e/KJ528559.1/goose/China/NA-1M/2014
gi|212383435|gb|FJ434394.1|APMV-1/chicken/Taldykorgan/346/03
XXXX/XXXX/YLF3
gi|76495641|gb|DQ198274.1|NDV02-045
XXXX/XXXX/HBG-1/2000

1058 :
gi|44894524|gb|AY471751.1|PUKPI02422
gi|33115024|gb|AY150154.1|DE-690/00
gi|44894464|gb|AY471721.1|PAEPI00377
XXXX/_South_Africa/PIZA05N277

811 :
gi|44894584|gb|AY471781.1|PAEPI96210
XXXX/United_Arab_Emirates/PAEPI97415/415
XXXX/United_Arab_Emirates/PAEPI98367/367
gi|44894582|gb|AY471780.1|PAEPI99361

405 :
gi|162945890|gb|EU293914.1|strain_Italien
XXXX/XXXX/Herts_33/P
gi|332320|gb|M17710.1|NDVFA
IV/X71995/poultry/Hungary/poultry/Hungary/Edit/2005/2005
XXXX/XXXX/DE-1/39
gi|32365424|gb|AF525380.1|DE-11/78
XXXX/XXXX/DE-13/79

738 :
gi|374256232|gb|JN872188.1|Pigeon/Minnesota/2446/1989
gi|33114960|gb|AY150122.1|CA-41/90
gi|33114954|gb|AY150119.1|CA-28/89
XXXX/Canada/PCAPI91412/412
gi|33114970|gb|AY150127.1|CA-48/91
gi|33114972|gb|AY150128.1|CA-56/92

2532 :
gi|167378999|gb|EU419319.1|NDV07-62
gi|90568670|gb|DQ439919.1|NDV05-064
gi|226347904|gb|FJ810479.1|NDV08-054
2004/China/NDV04-31
2003/China/NDV03-035
gi|90568676|gb|DQ439922.1|NDV05-067
2005/China/NDV05-075
gi|90568674|gb|DQ439921.1|NDV05-066
gi|90568690|gb|DQ439929.1|NDV05-076
2004/China/NDV04-30

765 :
XXXX/Finland/PFIPI92333/333
XXXX/XXXX/DK-12/93
gi|32395222|gb|AY175755.1|PDKPI95103

1614 :
PK_12_040516_CK_AV001371_12_Lin5
VII_i/KM670337/chicken/Pakistan/SFR-611/13/2013
IL-13-017851_Ck
VII_i/KF792021.1/chicken/Israel/Chicken/BT-Israel/2013/120_827/2013
IL-13-017858_Ck
IL_14-023820_TY
IL_13_017856_Ty_AV538_13_Lin5

1824 :
2002/China/QG02
gi|499141716|gb|KC578249.1|HB/1/05/Dk
VII/KM977903.1/duck/China/HB/1/05/Dk/2005
gi|110612939|gb|DQ682445.1|SD/5/04/Go
gi|110612923|gb|DQ682437.1|JS/1/03/Go

435 :
gi|22037184|gb|AF402114.1|BG-18/74
XXXX/XXXX/BG-14/70
XXXX/XXXX/BG-20/75

1764 :
gi|116518383|gb|DQ898532.1|TW-03-330
XXXX/China__Guangxi/Gxc2
TW_2_98G_AF083973_Lin5d
gi|3493316|gb|AF083974.1|TW
gi|9798990|gb|AF234032.1|TW
tw154b_99G_AF326521_Lin5d

1978 :
2006/China/CK/CH/SHX/1/06
2006/China/HLJ01606
VII_b/EF592501/mandarin_duck/China/mandarin_duck/China/HLJ-34-05/2005
2006/China/HLJ-42-06
VII_b/FJ480782/mallard/China/NDV/Mallard/HLJ355/06/2006

573 :
ET_AV583_09_015049_CK_Lin4
ET_583_09_15070_CK_Lin4
ET_583_09_015067_CK_Lin4
ET_583_09_015055_CK_Lin4
ET_AV583_09_015045_CK_Lin4
ET_583_09_015064_CK_Lin4
ET_583_09_015061_CK_Lin4
ET_583_09_015052_CK_Lin4
ET_583_09_015056_CK_Lin4
ET_AV583_09_015046_CK_Lin4
ET_583_09_015069_CK_Lin4
ET_11_009753_WF_AV491_11_Lin5
ET_P10-25319_6229-10_Lin4
ET_P10-25320_6229-10_CS2_Lin4
ET_AV583_09_015041_CK_Lin4
ET_P10-25329_9669-10_CS_Lin4
ET_583_09_015076_CK_Lin4

1112 :
DE_1294_07_R545_07_PI_Lin4
CY_112_06_1450_Lin4
DE_AV1294_07_R728_06_CT_Lin4

442 :
gi|22037220|gb|AF402132.1|BG-44/82
XXXX/XXXX/BG-1/59
gi|32395050|gb|AY175669.1|BBGCK68168
gi|32395056|gb|AY175672.1|BHKPI89165
XXXX/XXXX/BG-8/68

1715 :
gi|20152951|gb|AF458014.1|JX-2/99
XXXX/China/N1
XXXX/XXXX/SX

1722 :
gi|18700398|dbj|AB070421.1|APMV1/chicken/Japan/Tokyo/96
XXXX/XXXX/GX-1/97
gi|14161661|gb|AF378255.1|GX-2/98

1327 :
gi|440659025|gb|JX518886.1|2010_Mali_ML57072T
GH_P10_040182_D19_AV299_10_Lin5
GH_P10_040183_D21_AV299_10_Lin5

1622 :
VII_i/KF113351.1/chicken/Pakistan/chicken/Pak/University_Vet._Animal_Sci./211/2012/2012
IL_13_017853_Ck_AV538_13_Lin5
VII_i/KF792019.1/chicken/Israel/Chicken/KY-Israel/2012/50_826/2012
IL_14-023814_CK
VII_i/KF113341.1/chicken/Pakistan/chicken/Pak/Lahore_/43/2011/2011
VII_i/KF113342.1/chicken/Pakistan/chicken/Pak/Lahore/50/2011/2011
AE_14-007334_CK
VII_i/KF113344.1/chicken/Pakistan/chicken/Pak/Okara/103/2011/2011
PMV1_po.b_Cy.Py.L_AM_12722.2B_11.11.13
PMV1_po.c_Cy.K.N_PF_12311.6_18.06.13
PMV1_po.b_Cy.V.F_PSt_12554.2A_16.09.13
CY_13_041962_PO
CY_13_022641_PO_AV705_13_Lin5
TR_12-015953_CK
CY_13_022640_PO_AV705_13_Lin5
BG_16-012084_CK
BG_AV-13-002547_CK
VII_i/KP719224.1/chicken/Libya/13VIR/7225-1/2013
217_14722_Lin5

1391 :
XVII_b/KF442614.1/chicken/Nigeria/chicken/Nigeria/228-7/2006/2006
XVII_b/HF969128.1/Nigeria/avian/Nigeria/NIE07-216/2007/2007
gi|515794335|emb|HF969194.1|chicken/Nigeria/NIE08-2199/2009
gi|515794341|emb|HF969196.1|chicken/Nigeria/NIE08-2261/2009

1125 :
gi|118181197|gb|EF065682.1|rAnhinga
XXXX/XXXX/AV_210/93_51234/1USCO92098
V_a/FJ705456/cormorant/USA_
V_a/JN942038.1/cormorant/USA/Cormorant/Michigan/38819-5/1992/1992

1472 :
gi|385863476|gb|JQ517285.1|chicken/Pakistan/NDV/UDL8/2011
2008/Pakistan/chicken/SPVC/Karachi/NDV/27/2006/ND27
gi|290918493|gb|GU182326.1|chicken/SPVC/Karachi/NDV/32/2007
XIII_b/GU182331/chicken/Pakistan/SPVC/Karachi/NDV/33/2007/2007

1133 :
XXXX/Canada/NDV/Cormorant/ON/CNN48/1996
1998/Canada/cormorant/Canada/98CNN3-V1125
gi|24571080|gb|AF448486.1|Ontario/1995/2344
2008/Canada/cormorant/Canada/95DC02150/1995

169 :
UK_DK_99127_23-9-99_Lin1
XXXX/XXXX/AV_740/99_39/99/GIEPH99089
IT_656_91_172_GO_Lin1
XXXX/XXXX/AV_1104/94_34/95/GIEDK95032

768 :
VI_e/KJ607163.1/pigeon/China/pi/CH/LJS/1/04/2004
2005/China/NDV-05-029
gi|381191589|gb|JQ290284.1|P/Anhui/1/09

33 :
gi|253740274|gb|GQ245770.1|XZ-29-07-Ch
gi|76495689|gb|DQ198298.1|NDV02-447
gi|402229751|gb|JX244793.1|Pigeon/China/93/08
II/KJ525692.1/chicken/China/Ch/SD/YS5/2012/2012
gi|332347191|gb|HQ445950.1|PMV-1/chicken/Atyrau/154/07
II/JX244796.1/pigeon/China/Pigeon/China/102/08_
II/KC987036.1/chicken/India/F/1953
II/KM056355.1/chicken/India/ndv59/F
II/KJ670427/chicken/Croatia/ZG1999HDS/1999

1137 :
gi|19068165|gb|AY063492.1|Ontario/1996/48
gi|295983458|gb|GQ288384.2|cormorant/Canada/95DC2345/1995
gi|111227011|gb|DQ839244.1|NDV/Cormorant/ON/95DC2575/1995

863 :
gi|44894550|gb|AY471764.1|PUKPI94400
gi|33114994|gb|AY150139.1|DE-54/94
XXXX/XXXX/DE-51/93

2210 :
IL_183_01_865_GO_Lin5d
gi|341930952|gb|JF795623.1|IS_1258/03
IL_1067_05_252_WB_Lin5d

1253 :
A_DE_HU_87164_av1270-86_Lin3
XXXX/XXXX/DE-176/71
gi|32365408|gb|AF525372.1|DE-179/71
gi|32365410|gb|AF525373.1|DE-180/71

1718 :
1995/South_Korea/SNU95124
XXXX/South_Korea/Kr-146/95
gi|50511847|gb|AY630419.1|Kr-077/95
XXXX/South_Korea/Kr-279/95

1860 :
VII_b/FJ480797/chicken/China/CK/CH/HN/1/03/2003
VII_b/FJ480796/chicken/China/CK/CH/HN/1/01/2001
VII_b/DQ228922/chicken/China/Broiler/Shandong/SL/03/2003
gi|77994257|gb|DQ227249.1|SQD04
VII_b/DQ227247/chicken/China/Chicken/Shandong/SDD/01/2001

264 :
gi|356968682|gb|HQ702437.1|ndv3_920d
gi|356968724|gb|HQ702460.1|ndv40_185
I_c/KC808493.1/redlored_Amazon_parrot/Mexico/red-lored_Amazon_parrot/Mex
gi|32395186|gb|AY175737.1|-ITPI99129
BG_10_031203_PG_AV734-10_Lin1

2153 :
XXXX/XXXX/China
XXXX/China/JG97
gi|41350714|gb|AY390302.1|HG97
2003/China/A/goose/Guangxi/1/2008

562 :
ET_583_09_015179_CK_Lin4
ET_583_09_015194_CK_Lin4
ET_583_09_015077_CK_Lin4
ET_583_09_015082_CK_Lin4

2136 :
gi|304573462|gb|HM188394.1|SDDY
VII_d/FJ872531/muscovy_duck/China/Muscovy_duck/China_
gi|68137216|gb|DQ080015.1|BP01
VII_d/JN599167.1/penguin/China/BP01/1999
gi|18042242|gb|AF456436.1|JS/3/98/Go

960 :
ZA_2212_07_H1270_Lin4
gi|124264248|gb|EF030952.1|DOZA05AM68313
gi|124264262|gb|EF030959.1|DOZA06N591
gi|124264250|gb|EF030953.1|DOZA05N240

1771 :
XXXX/Taiwan/TW-05-346
XXXX/Taiwan/TW-04-340
gi|116518316|gb|DQ898524.1|TW-05-347
XXXX/Taiwan/TW-05-348

1456 :
XIII_b/KM056347.1/chicken/India/ndv32/vaherakhadi/04/2013/2013
XIII_b/KM056346.1/chicken/India/ndv26/navli/03/2013/2013
XIII_b/KP089979.1/chicken/India/Nagpur/2012
XIII_b/KM056344.1/chicken/India/ndv16/Godhra/03/2013/2013

1873 :
gi|124295086|gb|EF211814.1|JS/8/06/Go
gi|41350710|gb|AY390300.1|HB_from_chicken
VII_b/AY338284/Y98/1998

596 :
CY_1295_03_PI_Lin4
CY_AV1530_05_Lin4
CY_1477_04_1870_PI_Lin4
CY_1477_04_1950_PI_Lin4

1775 :
gi|66737305|gb|DQ054375.1|TW-204/03
gi|66737309|gb|DQ054377.1|TW-277/03
XXXX/Taiwan/TW-02-312
gi|116518443|gb|DQ898538.1|TW-02-301
XXXX/Taiwan/TW-02-302

1549 :
gi|61677836|gb|AY847355.1|APMV-1/chicken/Almaty/30/98
2008/Kazakhstan/APMV-1/chicken/Almaty/24/98
XXXX/Kazakhstan/APMV-1/chicken/Almaty/34/98
2008/Kazakhstan/APMV-1/chicken/Almaty/42/98
gi|212383403|gb|FJ385769.1|APMV-1/chicken/Almaty/37/98
gi|61677844|gb|AY847359.1|APMV-1/chicken/Almaty/38/98
XXXX/Kazakhstan/APMV-1/chicken/Almaty/39/98

504 :
TW-154-99G_AF234030_Lin4
gi|167614391|gb|EU296501.1|TW/84-P85
gi|167614385|gb|EU296498.1|TW

2445 :
XXXX/XXXX/KGC
2003/China/NDV03-033
gi|76495551|gb|DQ217692.1|NDV03-027

1140 :
gi|111182209|gb|DQ837557.1|NDV/Cormorant/ON/NS-442/2000
gi|111227014|gb|DQ839245.1|NDV/Cormorant/ON/NS-429-4/2000
gi|112363411|gb|DQ857316.1|NDV/Cormorant/SK/NS-1201-1/2001
XXXX/Canada/NDV/Cormorant/SK/NS-812/2001

2528 :
gi|90568624|gb|DQ439896.1|NDV05-040
gi|90568616|gb|DQ439892.1|NDV05-036
VII_d/EF128055/wild_duck/China/JS-2/06/wd/2006
2006/China/JS-3/06wd

1802 :
gi|18700434|dbj|AB070439.1|APMV1/quail/Japan/Chiba/2001
gi|18700428|dbj|AB070436.1|APMV1/chicken/Japan/Ibaraki-254/2001
XXXX/XXXX/APMV1/chicken/Japan/Ibaraki/2000
XXXX/XXXX/APMV1/chicken/Japan/Ibaraki-266/2001
VII_e/AB853329.1/chicken/Japan/chicken/Japan/Fukushima/NYF-3/2002/2002

270 :
I_c/AB465607/chicken/Japan/Japan/Ishi/62/1962
XXXX/XXXX/T01
2008/China/chicken/Anhui/AF25/2008
1984/Taiwan/TW

291 :
2001/USA/ruddy_turnstone/US_NJ_/A101-1382/2001
gi|31415376|gb|AY289194.1|NDV/Turkey/Ontario/CN36/2003
gi|156707406|gb|EF564885.1|sanderling/US
gi|156707412|gb|EF564888.1|ruddy_turnstone/US

430 :
XI/JX518878.1/chicken/Madagascar/2010_Madagascar_MGF082T_/2010
XI/JX518877.1/chicken/Madagascar/2011_Madagascar_MGF015C_/2011
gi|440659015|gb|JX518881.1|2010_Madagascar_MGF192C
gi|440659013|gb|JX518880.1|2010_Madagascar_MGF166

1063 :
VI_a/EF026579.2/pigeon/Belgium/pigeon/Belgium/248VB/1998/1998
XXXX/XXXX/AV_623/00_9701/PIEPI00242
gi|44894492|gb|AY471735.1|PCAPI91374

532 :
XXXX/South_Korea/Kr-12A/89
XXXX/South_Korea/Kr-102/89
XXXX/South_Korea/Kr-M/88

2546 :
gi|154818995|gb|EU044799.1|JS/6/05/Go
gi|154819003|gb|EU044803.1|JS/10/05/Ch
VII_d/EF211807/goose/China/JS/1/05/Go/2005

623 :
LV_AV7824_06_14_Lin4
LV_AV7824_06_11_Lin4
LV_AV7824_06_12_Lin4

