N5: 
N6: 5 
N38: 37 35 13 6 5 
N35: 13 6 5 
N37: 35 13 6 5 
N66: 65 6 5 
N13: 6 5 
N115: 
N65: 6 5 
N79: 6 5 
N87: 6 5 
N109: 
N41: 38 37 35 13 6 5 
N89: 6 5 
N96: 6 5 
N21: 13 6 5 
N123: 
N22: 21 13 6 5 
N84: 79 6 5 
N128: 
N124: 123 
N81: 79 6 5 
N93: 6 5 
N56: 13 6 5 
N129: 128 
N31: 13 6 5 

N77: 6 5 4 3 2 
N60: 13 6 5 4 3 2 
N2: 
N3: 2 
N4: 3 2 
N108: 4 3 2 
N78: 77 6 5 4 3 2 
N5: 4 3 2 
N6: 5 4 3 2 
N38: 37 35 13 6 5 4 3 2 
N35: 13 6 5 4 3 2 
N37: 35 13 6 5 4 3 2 
N66: 65 6 5 4 3 2 
N13: 6 5 4 3 2 
N115: 2 
N65: 6 5 4 3 2 
N79: 78 77 6 5 4 3 2 
N87: 78 77 6 5 4 3 2 
N109: 108 4 3 2 
N41: 38 37 35 13 6 5 4 3 2 
N89: 77 6 5 4 3 2 
N96: 6 5 4 3 2 
N21: 13 6 5 4 3 2 
N123: 
N22: 21 13 6 5 4 3 2 
N84: 79 78 77 6 5 4 3 2 
N128: 
N124: 123 
N81: 79 78 77 6 5 4 3 2 
N93: 6 5 4 3 2 
N56: 13 6 5 4 3 2 
N129: 128 
N31: 13 6 5 4 3 2 

N37: 13 
N66: 65 
N13: 
N115: 
N65: 
N79: 
N87: 
N109: 
N41: 37 13 
N89: 
N96: 
N21: 13 
N123: 
N22: 21 13 
N84: 79 
N50: 13 
N26: 22 21 13 
N62: 13 
N59: 13 
N128: 
N127: 124 123 
N124: 123 
N81: 79 
N110: 109 
N93: 
N83: 81 79 
N56: 13 
N101: 96 
N121: 
N129: 128 
N31: 13 
N116: 115 
N114: 
N92: 89 
N29: 22 21 13 
N105: 96 
N94: 93 
N91: 89 
N88: 87 
N74: 
N45: 13 
N131: 129 128 
N106: 
N73: 

N0: 
N63: 13 6 5 4 3 2 0 
N77: 6 5 4 3 2 0 
N60: 13 6 5 4 3 2 0 
N61: 60 13 6 5 4 3 2 0 
N2: 0 
N3: 2 0 
N4: 3 2 0 
N108: 4 3 2 0 
N78: 77 6 5 4 3 2 0 
N5: 4 3 2 0 
N6: 5 4 3 2 0 
N38: 37 35 13 6 5 4 3 2 0 
N35: 13 6 5 4 3 2 0 
N37: 35 13 6 5 4 3 2 0 
N66: 65 6 5 4 3 2 0 
N13: 6 5 4 3 2 0 
N115: 2 0 
N65: 6 5 4 3 2 0 
N79: 78 77 6 5 4 3 2 0 
N87: 78 77 6 5 4 3 2 0 
N109: 108 4 3 2 0 
N41: 38 37 35 13 6 5 4 3 2 0 
N89: 77 6 5 4 3 2 0 
N96: 6 5 4 3 2 0 
N21: 13 6 5 4 3 2 0 
N123: 0 
N22: 21 13 6 5 4 3 2 0 
N84: 79 78 77 6 5 4 3 2 0 
N50: 13 6 5 4 3 2 0 
N26: 22 21 13 6 5 4 3 2 0 
N62: 60 13 6 5 4 3 2 0 
N59: 13 6 5 4 3 2 0 
N128: 0 
N127: 124 123 0 
N124: 123 0 
N81: 79 78 77 6 5 4 3 2 0 
N110: 109 108 4 3 2 0 
N93: 6 5 4 3 2 0 
N83: 81 79 78 77 6 5 4 3 2 0 
N56: 13 6 5 4 3 2 0 
N101: 96 6 5 4 3 2 0 
N121: 0 
N129: 128 0 
N31: 13 6 5 4 3 2 0 
N116: 115 2 0 
N114: 3 2 0 
N92: 89 77 6 5 4 3 2 0 
N29: 22 21 13 6 5 4 3 2 0 
N105: 96 6 5 4 3 2 0 
N94: 93 6 5 4 3 2 0 
N91: 89 77 6 5 4 3 2 0 
N88: 87 78 77 6 5 4 3 2 0 
N74: 6 5 4 3 2 0 
N45: 13 6 5 4 3 2 0 
N131: 129 128 0 
N106: 6 5 4 3 2 0 
N73: 6 5 4 3 2 0 

